Log file open, 03/02/23 18:46:53
LogWindows: Failed to load 'aqProf.dll' (GetLastError=126)
LogWindows: File 'aqProf.dll' does not exist
LogWindows: Failed to load 'VtuneApi.dll' (GetLastError=126)
LogWindows: File 'VtuneApi.dll' does not exist
LogWindows: Failed to load 'VtuneApi32e.dll' (GetLastError=126)
LogWindows: File 'VtuneApi32e.dll' does not exist
LogConsoleResponse: Display: Failed to find resolution value strings in scalability ini. Falling back to default.
LogInit: Display: Running engine for game: DwarfShooter
LogPakFile: Registered encryption key '00000000000000000000000000000000': 0 pak files mounted, 0 remain pending
LogPlatformFile: Not using cached read wrapper
LogTaskGraph: Started task graph with 5 named threads and 23 total threads with 3 sets of task threads.
LogStats: Stats thread started at 0.744339
LogD3D11RHI: Loaded GFSDK_Aftermath_Lib.x64.dll
LogICUInternationalization: ICU TimeZone Detection - Raw Offset: +6:00, Platform Override: ''
LogPluginManager: Mounting plugin Paper2D
LogPluginManager: Mounting plugin AISupport
LogPluginManager: Mounting plugin LightPropagationVolume
LogPluginManager: Mounting plugin ActorLayerUtilities
LogPluginManager: Mounting plugin CLionSourceCodeAccess
LogPluginManager: Mounting plugin CodeLiteSourceCodeAccess
LogPluginManager: Mounting plugin GitSourceControl
LogPluginManager: Mounting plugin KDevelopSourceCodeAccess
LogPluginManager: Mounting plugin NullSourceCodeAccess
LogPluginManager: Mounting plugin PerforceSourceControl
LogPluginManager: Mounting plugin SubversionSourceControl
LogPluginManager: Mounting plugin UObjectPlugin
LogPluginManager: Mounting plugin VisualStudioCodeSourceCodeAccess
LogPluginManager: Mounting plugin VisualStudioSourceCodeAccess
LogPluginManager: Mounting plugin XCodeSourceCodeAccess
LogPluginManager: Mounting plugin AssetManagerEditor
LogPluginManager: Mounting plugin CryptoKeys
LogPluginManager: Mounting plugin DataValidation
LogPluginManager: Mounting plugin FacialAnimation
LogPluginManager: Mounting plugin GameplayTagsEditor
LogPluginManager: Mounting plugin MacGraphicsSwitching
LogPluginManager: Mounting plugin MeshEditor
LogPluginManager: Mounting plugin MobileLauncherProfileWizard
LogPluginManager: Mounting plugin PluginBrowser
LogPluginManager: Mounting plugin SpeedTreeImporter
LogPluginManager: Mounting plugin DatasmithContent
LogPluginManager: Mounting plugin VariantManagerContent
LogPluginManager: Mounting plugin AlembicImporter
LogPluginManager: Mounting plugin AppleImageUtils
LogPluginManager: Mounting plugin AppleVision
LogPluginManager: Mounting plugin BackChannel
LogPluginManager: Mounting plugin CharacterAI
LogPluginManager: Mounting plugin GeometryCache
LogPluginManager: Mounting plugin HTML5Networking
LogPluginManager: Mounting plugin ProxyLODPlugin
LogPluginManager: Mounting plugin MagicLeap
LogPluginManager: Mounting plugin MagicLeapMedia
LogPluginManager: Mounting plugin AndroidMedia
LogPluginManager: Mounting plugin AvfMedia
LogPluginManager: Mounting plugin ImgMedia
LogPluginManager: Mounting plugin LinearTimecode
LogPluginManager: Mounting plugin MediaCompositing
LogPluginManager: Mounting plugin MediaPlayerEditor
LogPluginManager: Mounting plugin WebMMedia
LogPluginManager: Mounting plugin WmfMedia
LogPluginManager: Mounting plugin TcpMessaging
LogPluginManager: Mounting plugin UdpMessaging
LogPluginManager: Mounting plugin ActorSequence
LogPluginManager: Mounting plugin LevelSequenceEditor
LogPluginManager: Mounting plugin MatineeToLevelSequence
LogPluginManager: Mounting plugin NetcodeUnitTest
LogPluginManager: Mounting plugin NUTUnrealEngine4
LogPluginManager: Mounting plugin OnlineSubsystemGooglePlay
LogPluginManager: Mounting plugin OnlineSubsystemIOS
LogPluginManager: Mounting plugin OnlineSubsystem
LogPluginManager: Mounting plugin OnlineSubsystemNull
LogPluginManager: Mounting plugin OnlineSubsystemUtils
LogPluginManager: Mounting plugin LauncherChunkInstaller
LogPluginManager: Mounting plugin AndroidDeviceProfileSelector
LogPluginManager: Mounting plugin AndroidMoviePlayer
LogPluginManager: Mounting plugin AndroidPermission
LogPluginManager: Mounting plugin AppleMoviePlayer
LogPluginManager: Mounting plugin ArchVisCharacter
LogPluginManager: Mounting plugin AudioCapture
LogPluginManager: Mounting plugin CableComponent
LogPluginManager: Mounting plugin CustomMeshComponent
LogPluginManager: Mounting plugin EditableMesh
LogPluginManager: Mounting plugin ExampleDeviceProfileSelector
LogPluginManager: Mounting plugin Firebase
LogPluginManager: Mounting plugin GoogleCloudMessaging
LogPluginManager: Mounting plugin IOSDeviceProfileSelector
LogPluginManager: Mounting plugin LinuxDeviceProfileSelector
LogPluginManager: Mounting plugin LocationServicesBPLibrary
LogPluginManager: Mounting plugin MobilePatchingUtils
LogPluginManager: Mounting plugin OculusVR
LogPluginManager: Mounting plugin PhysXVehicles
LogPluginManager: Mounting plugin ProceduralMeshComponent
LogPluginManager: Mounting plugin RuntimePhysXCooking
LogPluginManager: Mounting plugin SteamVR
LogPluginManager: Mounting plugin WebMMoviePlayer
LogPluginManager: Mounting plugin WindowsMoviePlayer
LogStreaming: Display: Took  0.102s to configure plugins.
LogInit: Using libcurl 7.55.1-DEV
LogInit:  - built for x86_64-pc-win32
LogInit:  - supports SSL with OpenSSL/1.0.2h
LogInit:  - supports HTTP deflate (compression) using libz 1.2.8
LogInit:  - other features:
LogInit:      CURL_VERSION_SSL
LogInit:      CURL_VERSION_LIBZ
LogInit:      CURL_VERSION_IPV6
LogInit:      CURL_VERSION_ASYNCHDNS
LogInit:      CURL_VERSION_LARGEFILE
LogInit:      CURL_VERSION_IDN
LogInit:  CurlRequestOptions (configurable via config and command line):
LogInit:  - bVerifyPeer = true  - Libcurl will verify peer certificate
LogInit:  - bUseHttpProxy = false  - Libcurl will NOT use HTTP proxy
LogInit:  - bDontReuseConnections = false  - Libcurl will reuse connections
LogInit:  - MaxHostConnections = 16  - Libcurl will limit the number of connections to a host
LogInit:  - LocalHostAddr = Default
LogInit:  - BufferSize = 65536
LogInit: WinSock: version 1.1 (2.2), MaxSocks=32767, MaxUdp=65467
LogInit: Build: ++UE4+Release-4.21-CL-4753647
LogInit: Engine Version: 4.21.2-4753647+++UE4+Release-4.21
LogInit: Compatible Engine Version: 4.21.0-4541578+++UE4+Release-4.21
LogInit: Net CL: 4541578
LogInit: OS: Windows 10 (), CPU: AMD Ryzen 5 3500U with Radeon Vega Mobile Gfx  , GPU: AMD Radeon(TM) Vega 8 Graphics
LogInit: Compiled (64-bit): Jan 19 2019 02:07:31
LogInit: Compiled with Visual C++: 19.13.26129.00
LogInit: Build Configuration: Development
LogInit: Branch Name: ++UE4+Release-4.21
LogInit: Command Line: 
LogInit: Base Directory: D:/program files/Epic Games/UE_4.21/Engine/Binaries/Win64/
LogInit: Installed Engine Build: 1
LogDevObjectVersion: Number of dev versions registered: 22
LogDevObjectVersion:   Dev-Blueprints (B0D832E4-1F89-4F0D-ACCF-7EB736FD4AA2): 10
LogDevObjectVersion:   Dev-Build (E1C64328-A22C-4D53-A36C-8E866417BD8C): 0
LogDevObjectVersion:   Dev-Core (375EC13C-06E4-48FB-B500-84F0262A717E): 2
LogDevObjectVersion:   Dev-Editor (E4B068ED-F494-42E9-A231-DA0B2E46BB41): 26
LogDevObjectVersion:   Dev-Framework (CFFC743F-43B0-4480-9391-14DF171D2073): 34
LogDevObjectVersion:   Dev-Mobile (B02B49B5-BB20-44E9-A304-32B752E40360): 2
LogDevObjectVersion:   Dev-Networking (A4E4105C-59A1-49B5-A7C5-40C4547EDFEE): 0
LogDevObjectVersion:   Dev-Online (39C831C9-5AE6-47DC-9A44-9C173E1C8E7C): 0
LogDevObjectVersion:   Dev-Physics (78F01B33-EBEA-4F98-B9B4-84EACCB95AA2): 0
LogDevObjectVersion:   Dev-Platform (6631380F-2D4D-43E0-8009-CF276956A95A): 0
LogDevObjectVersion:   Dev-Rendering (12F88B9F-8875-4AFC-A67C-D90C383ABD29): 27
LogDevObjectVersion:   Dev-Sequencer (7B5AE74C-D270-4C10-A958-57980B212A5A): 9
LogDevObjectVersion:   Dev-VR (D7296918-1DD6-4BDD-9DE2-64A83CC13884): 2
LogDevObjectVersion:   Dev-LoadTimes (C2A15278-BFE7-4AFE-6C17-90FF531DF755): 1
LogDevObjectVersion:   Private-Geometry (6EACA3D4-40EC-4CC1-B786-8BED09428FC5): 3
LogDevObjectVersion:   Dev-AnimPhys (29E575DD-E0A3-4627-9D10-D276232CDCEA): 17
LogDevObjectVersion:   Dev-Anim (AF43A65D-7FD3-4947-9873-3E8ED9C1BB05): 2
LogDevObjectVersion:   Dev-ReflectionCapture (6B266CEC-1EC7-4B8F-A30B-E4D90942FC07): 1
LogDevObjectVersion:   Dev-Automation (0DF73D61-A23F-47EA-B727-89E90C41499A): 1
LogDevObjectVersion:   FortniteMain (601D1886-AC64-4F84-AA16-D3DE0DEAC7D6): 17
LogDevObjectVersion:   Dev-Enterprise (9DFFBCD6-494F-0158-E221-12823C92A888): 4
LogDevObjectVersion:   Dev-Niagara (F2AED0AC-9AFE-416F-8664-AA7FFA26D6FC): 1
LogStreaming: Display: Took  0.001s to delete old logs.
LogInit: Presizing for max 8388607 objects, including 0 objects not considered by GC, pre-allocating 0 bytes for permanent pool.
LogInit: Object subsystem initialized
LogConfig: Setting CVar [[con.DebugEarlyDefault:1]]
LogConfig: Setting CVar [[r.setres:1280x720]]
[2023.03.02-13.46.53:788][  0]LogConfig: Setting CVar [[r.VSync:0]]
[2023.03.02-13.46.53:788][  0]LogConfig: Setting CVar [[r.RHICmdBypass:0]]
[2023.03.02-13.46.53:788][  0]LogConfig: Applying CVar settings from Section [/Script/Engine.RendererSettings] File [D:/GitAr/DwarfShooter/DwarfShooter/Saved/Config/Windows/Engine.ini]
[2023.03.02-13.46.53:788][  0]LogConfig: Setting CVar [[r.GPUCrashDebugging:0]]
[2023.03.02-13.46.53:788][  0]LogConfig: Setting CVar [[r.MobileHDR:0]]
[2023.03.02-13.46.53:788][  0]LogConfig: Setting CVar [[r.Mobile.DisableVertexFog:1]]
[2023.03.02-13.46.53:788][  0]LogConfig: Setting CVar [[r.Shadow.CSM.MaxMobileCascades:2]]
[2023.03.02-13.46.53:788][  0]LogConfig: Setting CVar [[r.MobileMSAA:1]]
[2023.03.02-13.46.53:788][  0]LogConfig: Setting CVar [[r.Mobile.UseLegacyShadingModel:0]]
[2023.03.02-13.46.53:788][  0]LogConfig: Setting CVar [[r.Mobile.AllowDitheredLODTransition:0]]
[2023.03.02-13.46.53:788][  0]LogConfig: Setting CVar [[r.Mobile.AllowSoftwareOcclusion:0]]
[2023.03.02-13.46.53:788][  0]LogConfig: Setting CVar [[r.DiscardUnusedQuality:0]]
[2023.03.02-13.46.53:788][  0]LogConfig: Setting CVar [[r.AllowOcclusionQueries:1]]
[2023.03.02-13.46.53:788][  0]LogConfig: Setting CVar [[r.MinScreenRadiusForLights:0.030000]]
[2023.03.02-13.46.53:788][  0]LogConfig: Setting CVar [[r.MinScreenRadiusForDepthPrepass:0.030000]]
[2023.03.02-13.46.53:788][  0]LogConfig: Setting CVar [[r.MinScreenRadiusForCSMDepth:0.010000]]
[2023.03.02-13.46.53:788][  0]LogConfig: Setting CVar [[r.PrecomputedVisibilityWarning:0]]
[2023.03.02-13.46.53:788][  0]LogConfig: Setting CVar [[r.TextureStreaming:1]]
[2023.03.02-13.46.53:788][  0]LogConfig: Setting CVar [[Compat.UseDXT5NormalMaps:0]]
[2023.03.02-13.46.53:788][  0]LogConfig: Setting CVar [[r.ClearCoatNormal:0]]
[2023.03.02-13.46.53:788][  0]LogConfig: Setting CVar [[r.ReflectionCaptureResolution:128]]
[2023.03.02-13.46.53:788][  0]LogConfig: Setting CVar [[r.ReflectionEnvironmentLightmapMixBasedOnRoughness:1]]
[2023.03.02-13.46.53:788][  0]LogConfig: Setting CVar [[r.ForwardShading:0]]
[2023.03.02-13.46.53:788][  0]LogConfig: Setting CVar [[r.VertexFoggingForOpaque:1]]
[2023.03.02-13.46.53:788][  0]LogConfig: Setting CVar [[r.AllowStaticLighting:1]]
[2023.03.02-13.46.53:788][  0]LogConfig: Setting CVar [[r.NormalMapsForStaticLighting:0]]
[2023.03.02-13.46.53:789][  0]LogConfig: Setting CVar [[r.GenerateMeshDistanceFields:0]]
[2023.03.02-13.46.53:789][  0]LogConfig: Setting CVar [[r.DistanceFieldBuild.EightBit:0]]
[2023.03.02-13.46.53:789][  0]LogConfig: Setting CVar [[r.GenerateLandscapeGIData:0]]
[2023.03.02-13.46.53:789][  0]LogConfig: Setting CVar [[r.DistanceFieldBuild.Compress:0]]
[2023.03.02-13.46.53:789][  0]LogConfig: Setting CVar [[r.TessellationAdaptivePixelsPerTriangle:48.000000]]
[2023.03.02-13.46.53:789][  0]LogConfig: Setting CVar [[r.SeparateTranslucency:0]]
[2023.03.02-13.46.53:789][  0]LogConfig: Setting CVar [[r.TranslucentSortPolicy:0]]
[2023.03.02-13.46.53:789][  0]LogConfig: Setting CVar [[r.CustomDepth:1]]
[2023.03.02-13.46.53:789][  0]LogConfig: Setting CVar [[r.CustomDepthTemporalAAJitter:1]]
[2023.03.02-13.46.53:789][  0]LogConfig: Setting CVar [[r.PostProcessing.PropagateAlpha:0]]
[2023.03.02-13.46.53:789][  0]LogConfig: Setting CVar [[r.DOF.Algorithm:1]]
[2023.03.02-13.46.53:789][  0]LogConfig: Setting CVar [[r.DefaultFeature.Bloom:0]]
[2023.03.02-13.46.53:789][  0]LogConfig: Setting CVar [[r.DefaultFeature.AmbientOcclusion:0]]
[2023.03.02-13.46.53:789][  0]LogConfig: Setting CVar [[r.DefaultFeature.AmbientOcclusionStaticFraction:1]]
[2023.03.02-13.46.53:789][  0]LogConfig: Setting CVar [[r.DefaultFeature.AutoExposure:0]]
[2023.03.02-13.46.53:789][  0]LogConfig: Setting CVar [[r.DefaultFeature.AutoExposure.Method:0]]
[2023.03.02-13.46.53:789][  0]LogConfig: Setting CVar [[r.DefaultFeature.AutoExposure.ExtendDefaultLuminanceRange:0]]
[2023.03.02-13.46.53:789][  0]LogConfig: Setting CVar [[r.UsePreExposure:0]]
[2023.03.02-13.46.53:789][  0]LogConfig: Setting CVar [[r.DefaultFeature.MotionBlur:0]]
[2023.03.02-13.46.53:789][  0]LogConfig: Setting CVar [[r.DefaultFeature.LensFlare:0]]
[2023.03.02-13.46.53:789][  0]LogConfig: Setting CVar [[r.TemporalAA.Upsampling:0]]
[2023.03.02-13.46.53:789][  0]LogConfig: Setting CVar [[r.DefaultFeature.AntiAliasing:0]]
[2023.03.02-13.46.53:789][  0]LogConfig: Setting CVar [[r.DefaultFeature.LightUnits:1]]
[2023.03.02-13.46.53:789][  0]LogConfig: Setting CVar [[r.DefaultBackBufferPixelFormat:4]]
[2023.03.02-13.46.53:789][  0]LogConfig: Setting CVar [[r.Shadow.UnbuiltPreviewInGame:1]]
[2023.03.02-13.46.53:789][  0]LogConfig: Setting CVar [[r.StencilForLODDither:0]]
[2023.03.02-13.46.53:789][  0]LogConfig: Setting CVar [[r.EarlyZPass:3]]
[2023.03.02-13.46.53:789][  0]LogConfig: Setting CVar [[r.EarlyZPassMovable:1]]
[2023.03.02-13.46.53:789][  0]LogConfig: Setting CVar [[r.EarlyZPassOnlyMaterialMasking:0]]
[2023.03.02-13.46.53:789][  0]LogConfig: Setting CVar [[r.DBuffer:1]]
[2023.03.02-13.46.53:789][  0]LogConfig: Setting CVar [[r.ClearSceneMethod:1]]
[2023.03.02-13.46.53:789][  0]LogConfig: Setting CVar [[r.BasePassOutputsVelocity:0]]
[2023.03.02-13.46.53:789][  0]LogConfig: Setting CVar [[r.SelectiveBasePassOutputs:0]]
[2023.03.02-13.46.53:790][  0]LogConfig: Setting CVar [[fx.GPUSimulationTextureSizeX:1024]]
[2023.03.02-13.46.53:790][  0]LogConfig: Setting CVar [[fx.GPUSimulationTextureSizeY:1024]]
[2023.03.02-13.46.53:790][  0]LogConfig: Setting CVar [[r.AllowGlobalClipPlane:0]]
[2023.03.02-13.46.53:790][  0]LogConfig: Setting CVar [[r.GBufferFormat:1]]
[2023.03.02-13.46.53:790][  0]LogConfig: Setting CVar [[r.MorphTarget.Mode:1]]
[2023.03.02-13.46.53:790][  0]LogConfig: Setting CVar [[vr.InstancedStereo:0]]
[2023.03.02-13.46.53:790][  0]LogConfig: Setting CVar [[vr.MultiView:0]]
[2023.03.02-13.46.53:790][  0]LogConfig: Setting CVar [[vr.MobileMultiView:0]]
[2023.03.02-13.46.53:790][  0]LogConfig: Setting CVar [[vr.MobileMultiView.Direct:0]]
[2023.03.02-13.46.53:790][  0]LogConfig: Setting CVar [[vr.MonoscopicFarField:0]]
[2023.03.02-13.46.53:790][  0]LogConfig: Setting CVar [[vr.RoundRobinOcclusion:0]]
[2023.03.02-13.46.53:790][  0]LogConfig: Setting CVar [[vr.ODSCapture:0]]
[2023.03.02-13.46.53:790][  0]LogConfig: Setting CVar [[r.WireframeCullThreshold:5.000000]]
[2023.03.02-13.46.53:790][  0]LogConfig: Setting CVar [[r.SupportStationarySkylight:1]]
[2023.03.02-13.46.53:790][  0]LogConfig: Setting CVar [[r.SupportLowQualityLightmaps:1]]
[2023.03.02-13.46.53:790][  0]LogConfig: Setting CVar [[r.SupportPointLightWholeSceneShadows:1]]
[2023.03.02-13.46.53:790][  0]LogConfig: Setting CVar [[r.SupportAtmosphericFog:1]]
[2023.03.02-13.46.53:790][  0]LogConfig: Setting CVar [[r.SkinCache.CompileShaders:0]]
[2023.03.02-13.46.53:790][  0]LogConfig: Setting CVar [[r.Mobile.EnableStaticAndCSMShadowReceivers:1]]
[2023.03.02-13.46.53:790][  0]LogConfig: Setting CVar [[r.Mobile.EnableMovableLightCSMShaderCulling:1]]
[2023.03.02-13.46.53:790][  0]LogConfig: Setting CVar [[r.Mobile.AllowDistanceFieldShadows:1]]
[2023.03.02-13.46.53:790][  0]LogConfig: Setting CVar [[r.Mobile.AllowMovableDirectionalLights:1]]
[2023.03.02-13.46.53:790][  0]LogConfig: Setting CVar [[r.MobileNumDynamicPointLights:4]]
[2023.03.02-13.46.53:790][  0]LogConfig: Setting CVar [[r.MobileDynamicPointLightsUseStaticBranch:1]]
[2023.03.02-13.46.53:790][  0]LogConfig: Setting CVar [[r.SkinCache.SceneMemoryLimitInMB:128.000000]]
[2023.03.02-13.46.53:790][  0]LogConfig: Setting CVar [[r.GPUSkin.Limit2BoneInfluences:0]]
[2023.03.02-13.46.53:790][  0]LogConfig: Setting CVar [[r.SupportDepthOnlyIndexBuffers:1]]
[2023.03.02-13.46.53:790][  0]LogConfig: Setting CVar [[r.SupportReversedIndexBuffers:1]]
[2023.03.02-13.46.53:790][  0]LogConfig: Setting CVar [[r.SupportMaterialLayers:0]]
[2023.03.02-13.46.53:790][  0]LogConfig: Applying CVar settings from Section [/Script/Engine.RendererOverrideSettings] File [D:/GitAr/DwarfShooter/DwarfShooter/Saved/Config/Windows/Engine.ini]
[2023.03.02-13.46.53:790][  0]LogConfig: Applying CVar settings from Section [/Script/Engine.StreamingSettings] File [D:/GitAr/DwarfShooter/DwarfShooter/Saved/Config/Windows/Engine.ini]
[2023.03.02-13.46.53:790][  0]LogConfig: Setting CVar [[s.MinBulkDataSizeForAsyncLoading:131072]]
[2023.03.02-13.46.53:790][  0]LogConfig: Setting CVar [[s.AsyncLoadingThreadEnabled:0]]
[2023.03.02-13.46.53:790][  0]LogConfig: Setting CVar [[s.EventDrivenLoaderEnabled:1]]
[2023.03.02-13.46.53:790][  0]LogConfig: Setting CVar [[s.WarnIfTimeLimitExceeded:0]]
[2023.03.02-13.46.53:790][  0]LogConfig: Setting CVar [[s.TimeLimitExceededMultiplier:1.5]]
[2023.03.02-13.46.53:790][  0]LogConfig: Setting CVar [[s.TimeLimitExceededMinTime:0.005]]
[2023.03.02-13.46.53:790][  0]LogConfig: Setting CVar [[s.UseBackgroundLevelStreaming:1]]
[2023.03.02-13.46.53:790][  0]LogConfig: Setting CVar [[s.PriorityAsyncLoadingExtraTime:15.0]]
[2023.03.02-13.46.53:790][  0]LogConfig: Setting CVar [[s.LevelStreamingActorsUpdateTimeLimit:5.0]]
[2023.03.02-13.46.53:790][  0]LogConfig: Setting CVar [[s.PriorityLevelStreamingActorsUpdateExtraTime:5.0]]
[2023.03.02-13.46.53:790][  0]LogConfig: Setting CVar [[s.LevelStreamingComponentsRegistrationGranularity:10]]
[2023.03.02-13.46.53:790][  0]LogConfig: Setting CVar [[s.UnregisterComponentsTimeLimit:1.0]]
[2023.03.02-13.46.53:790][  0]LogConfig: Setting CVar [[s.LevelStreamingComponentsUnregistrationGranularity:5]]
[2023.03.02-13.46.53:790][  0]LogConfig: Applying CVar settings from Section [/Script/Engine.GarbageCollectionSettings] File [D:/GitAr/DwarfShooter/DwarfShooter/Saved/Config/Windows/Engine.ini]
[2023.03.02-13.46.53:790][  0]LogConfig: Setting CVar [[gc.MaxObjectsNotConsideredByGC:1]]
[2023.03.02-13.46.53:790][  0]LogConfig: Setting CVar [[gc.SizeOfPermanentObjectPool:0]]
[2023.03.02-13.46.53:790][  0]LogConfig: Setting CVar [[gc.FlushStreamingOnGC:0]]
[2023.03.02-13.46.53:790][  0]LogConfig: Setting CVar [[gc.NumRetriesBeforeForcingGC:10]]
[2023.03.02-13.46.53:790][  0]LogConfig: Setting CVar [[gc.AllowParallelGC:1]]
[2023.03.02-13.46.53:790][  0]LogConfig: Setting CVar [[gc.TimeBetweenPurgingPendingKillObjects:61.1]]
[2023.03.02-13.46.53:790][  0]LogConfig: Setting CVar [[gc.MaxObjectsInEditor:8388607]]
[2023.03.02-13.46.53:790][  0]LogConfig: Setting CVar [[gc.IncrementalBeginDestroyEnabled:1]]
[2023.03.02-13.46.53:790][  0]LogConfig: Setting CVar [[gc.CreateGCClusters:1]]
[2023.03.02-13.46.53:790][  0]LogConfig: Setting CVar [[gc.MergeGCClusters:0]]
[2023.03.02-13.46.53:791][  0]LogConfig: Setting CVar [[gc.MinGCClusterSize:5]]
[2023.03.02-13.46.53:791][  0]LogConfig: Setting CVar [[gc.ActorClusteringEnabled:0]]
[2023.03.02-13.46.53:791][  0]LogConfig: Setting CVar [[gc.BlueprintClusteringEnabled:0]]
[2023.03.02-13.46.53:791][  0]LogConfig: Setting CVar [[gc.UseDisregardForGCOnDedicatedServers:0]]
[2023.03.02-13.46.53:791][  0]LogConfig: Applying CVar settings from Section [/Script/Engine.NetworkSettings] File [D:/GitAr/DwarfShooter/DwarfShooter/Saved/Config/Windows/Engine.ini]
[2023.03.02-13.46.53:791][  0]LogConfig: Applying CVar settings from Section [/Script/UnrealEd.CookerSettings] File [D:/GitAr/DwarfShooter/DwarfShooter/Saved/Config/Windows/Engine.ini]
[2023.03.02-13.46.53:796][  0]LogConfig: Applying CVar settings from Section [ViewDistanceQuality@3] File [D:/GitAr/DwarfShooter/DwarfShooter/Saved/Config/Windows/Scalability.ini]
[2023.03.02-13.46.53:796][  0]LogConfig: Setting CVar [[r.SkeletalMeshLODBias:0]]
[2023.03.02-13.46.53:796][  0]LogConfig: Setting CVar [[r.ViewDistanceScale:1.0]]
[2023.03.02-13.46.53:796][  0]LogConfig: Applying CVar settings from Section [AntiAliasingQuality@3] File [D:/GitAr/DwarfShooter/DwarfShooter/Saved/Config/Windows/Scalability.ini]
[2023.03.02-13.46.53:796][  0]LogConfig: Setting CVar [[r.PostProcessAAQuality:4]]
[2023.03.02-13.46.53:796][  0]LogConfig: Applying CVar settings from Section [ShadowQuality@3] File [D:/GitAr/DwarfShooter/DwarfShooter/Saved/Config/Windows/Scalability.ini]
[2023.03.02-13.46.53:796][  0]LogConfig: Setting CVar [[r.LightFunctionQuality:1]]
[2023.03.02-13.46.53:796][  0]LogConfig: Setting CVar [[r.ShadowQuality:5]]
[2023.03.02-13.46.53:796][  0]LogConfig: Setting CVar [[r.Shadow.CSM.MaxCascades:10]]
[2023.03.02-13.46.53:796][  0]LogConfig: Setting CVar [[r.Shadow.MaxResolution:2048]]
[2023.03.02-13.46.53:796][  0]LogConfig: Setting CVar [[r.Shadow.MaxCSMResolution:2048]]
[2023.03.02-13.46.53:796][  0]LogConfig: Setting CVar [[r.Shadow.RadiusThreshold:0.01]]
[2023.03.02-13.46.53:796][  0]LogConfig: Setting CVar [[r.Shadow.DistanceScale:1.0]]
[2023.03.02-13.46.53:796][  0]LogConfig: Setting CVar [[r.Shadow.CSM.TransitionScale:1.0]]
[2023.03.02-13.46.53:796][  0]LogConfig: Setting CVar [[r.Shadow.PreShadowResolutionFactor:1.0]]
[2023.03.02-13.46.53:796][  0]LogConfig: Setting CVar [[r.DistanceFieldShadowing:1]]
[2023.03.02-13.46.53:796][  0]LogConfig: Setting CVar [[r.DistanceFieldAO:1]]
[2023.03.02-13.46.53:796][  0]LogConfig: Setting CVar [[r.AOQuality:2]]
[2023.03.02-13.46.53:796][  0]LogConfig: Setting CVar [[r.VolumetricFog:1]]
[2023.03.02-13.46.53:796][  0]LogConfig: Setting CVar [[r.VolumetricFog.GridPixelSize:8]]
[2023.03.02-13.46.53:796][  0]LogConfig: Setting CVar [[r.VolumetricFog.GridSizeZ:128]]
[2023.03.02-13.46.53:796][  0]LogConfig: Setting CVar [[r.VolumetricFog.HistoryMissSupersampleCount:4]]
[2023.03.02-13.46.53:796][  0]LogConfig: Setting CVar [[r.LightMaxDrawDistanceScale:1]]
[2023.03.02-13.46.53:796][  0]LogConfig: Setting CVar [[r.CapsuleShadows:1]]
[2023.03.02-13.46.53:796][  0]LogConfig: Applying CVar settings from Section [PostProcessQuality@3] File [D:/GitAr/DwarfShooter/DwarfShooter/Saved/Config/Windows/Scalability.ini]
[2023.03.02-13.46.53:796][  0]LogConfig: Setting CVar [[r.MotionBlurQuality:4]]
[2023.03.02-13.46.53:796][  0]LogConfig: Setting CVar [[r.AmbientOcclusionMipLevelFactor:0.4]]
[2023.03.02-13.46.53:796][  0]LogConfig: Setting CVar [[r.AmbientOcclusionMaxQuality:100]]
[2023.03.02-13.46.53:796][  0]LogConfig: Setting CVar [[r.AmbientOcclusionLevels:-1]]
[2023.03.02-13.46.53:796][  0]LogConfig: Setting CVar [[r.AmbientOcclusionRadiusScale:1.0]]
[2023.03.02-13.46.53:796][  0]LogConfig: Setting CVar [[r.DepthOfFieldQuality:2]]
[2023.03.02-13.46.53:796][  0]LogConfig: Setting CVar [[r.RenderTargetPoolMin:400]]
[2023.03.02-13.46.53:796][  0]LogConfig: Setting CVar [[r.LensFlareQuality:2]]
[2023.03.02-13.46.53:796][  0]LogConfig: Setting CVar [[r.SceneColorFringeQuality:1]]
[2023.03.02-13.46.53:796][  0]LogConfig: Setting CVar [[r.EyeAdaptationQuality:2]]
[2023.03.02-13.46.53:796][  0]LogConfig: Setting CVar [[r.BloomQuality:5]]
[2023.03.02-13.46.53:796][  0]LogConfig: Setting CVar [[r.FastBlurThreshold:100]]
[2023.03.02-13.46.53:796][  0]LogConfig: Setting CVar [[r.Upscale.Quality:3]]
[2023.03.02-13.46.53:796][  0]LogConfig: Setting CVar [[r.Tonemapper.GrainQuantization:1]]
[2023.03.02-13.46.53:796][  0]LogConfig: Setting CVar [[r.LightShaftQuality:1]]
[2023.03.02-13.46.53:796][  0]LogConfig: Setting CVar [[r.Filter.SizeScale:1]]
[2023.03.02-13.46.53:796][  0]LogConfig: Setting CVar [[r.Tonemapper.Quality:5]]
[2023.03.02-13.46.53:796][  0]LogConfig: Setting CVar [[r.DOF.Gather.AccumulatorQuality:1        ; higher gathering accumulator quality]]
[2023.03.02-13.46.53:796][  0]LogConfig: Setting CVar [[r.DOF.Gather.PostfilterMethod:1          ; Median3x3 postfilering method]]
[2023.03.02-13.46.53:796][  0]LogConfig: Setting CVar [[r.DOF.Gather.EnableBokehSettings:0       ; no bokeh simulation when gathering]]
[2023.03.02-13.46.53:796][  0]LogConfig: Setting CVar [[r.DOF.Gather.RingCount:4                 ; medium number of samples when gathering]]
[2023.03.02-13.46.53:796][  0]LogConfig: Setting CVar [[r.DOF.Scatter.ForegroundCompositing:1    ; additive foreground scattering]]
[2023.03.02-13.46.53:796][  0]LogConfig: Setting CVar [[r.DOF.Scatter.BackgroundCompositing:2    ; additive background scattering]]
[2023.03.02-13.46.53:796][  0]LogConfig: Setting CVar [[r.DOF.Scatter.EnableBokehSettings:1      ; bokeh simulation when scattering]]
[2023.03.02-13.46.53:797][  0]LogConfig: Setting CVar [[r.DOF.Scatter.MaxSpriteRatio:0.1         ; only a maximum of 10% of scattered bokeh]]
[2023.03.02-13.46.53:797][  0]LogConfig: Setting CVar [[r.DOF.Recombine.Quality:1                ; cheap slight out of focus]]
[2023.03.02-13.46.53:797][  0]LogConfig: Setting CVar [[r.DOF.Recombine.EnableBokehSettings:0    ; no bokeh simulation on slight out of focus]]
[2023.03.02-13.46.53:797][  0]LogConfig: Setting CVar [[r.DOF.TemporalAAQuality:1                ; more stable temporal accumulation]]
[2023.03.02-13.46.53:797][  0]LogConfig: Setting CVar [[r.DOF.Kernel.MaxForegroundRadius:0.025]]
[2023.03.02-13.46.53:797][  0]LogConfig: Setting CVar [[r.DOF.Kernel.MaxBackgroundRadius:0.025]]
[2023.03.02-13.46.53:797][  0]LogConfig: Applying CVar settings from Section [TextureQuality@3] File [D:/GitAr/DwarfShooter/DwarfShooter/Saved/Config/Windows/Scalability.ini]
[2023.03.02-13.46.53:797][  0]LogConfig: Setting CVar [[r.Streaming.MipBias:0]]
[2023.03.02-13.46.53:797][  0]LogConfig: Setting CVar [[r.Streaming.AmortizeCPUToGPUCopy:0]]
[2023.03.02-13.46.53:797][  0]LogConfig: Setting CVar [[r.Streaming.MaxNumTexturesToStreamPerFrame:0]]
[2023.03.02-13.46.53:797][  0]LogConfig: Setting CVar [[r.Streaming.Boost:1]]
[2023.03.02-13.46.53:797][  0]LogConfig: Setting CVar [[r.MaxAnisotropy:8]]
[2023.03.02-13.46.53:797][  0]LogConfig: Setting CVar [[r.Streaming.LimitPoolSizeToVRAM:0]]
[2023.03.02-13.46.53:797][  0]LogConfig: Setting CVar [[r.Streaming.PoolSize:1000]]
[2023.03.02-13.46.53:797][  0]LogConfig: Setting CVar [[r.Streaming.MaxEffectiveScreenSize:0]]
[2023.03.02-13.46.53:797][  0]LogConfig: Applying CVar settings from Section [EffectsQuality@3] File [D:/GitAr/DwarfShooter/DwarfShooter/Saved/Config/Windows/Scalability.ini]
[2023.03.02-13.46.53:797][  0]LogConfig: Setting CVar [[r.TranslucencyLightingVolumeDim:64]]
[2023.03.02-13.46.53:797][  0]LogConfig: Setting CVar [[r.RefractionQuality:2]]
[2023.03.02-13.46.53:797][  0]LogConfig: Setting CVar [[r.SSR.Quality:3]]
[2023.03.02-13.46.53:797][  0]LogConfig: Setting CVar [[r.SceneColorFormat:4]]
[2023.03.02-13.46.53:797][  0]LogConfig: Setting CVar [[r.DetailMode:2]]
[2023.03.02-13.46.53:797][  0]LogConfig: Setting CVar [[r.TranslucencyVolumeBlur:1]]
[2023.03.02-13.46.53:797][  0]LogConfig: Setting CVar [[r.MaterialQualityLevel:1 ; High quality]]
[2023.03.02-13.46.53:797][  0]LogConfig: Setting CVar [[r.SSS.Scale:1]]
[2023.03.02-13.46.53:797][  0]LogConfig: Setting CVar [[r.SSS.SampleSet:2]]
[2023.03.02-13.46.53:797][  0]LogConfig: Setting CVar [[r.SSS.Quality:1]]
[2023.03.02-13.46.53:797][  0]LogConfig: Setting CVar [[r.SSS.HalfRes:1]]
[2023.03.02-13.46.53:797][  0]LogConfig: Setting CVar [[r.EmitterSpawnRateScale:1.0]]
[2023.03.02-13.46.53:797][  0]LogConfig: Setting CVar [[r.ParticleLightQuality:2]]
[2023.03.02-13.46.53:797][  0]LogConfig: Applying CVar settings from Section [FoliageQuality@3] File [D:/GitAr/DwarfShooter/DwarfShooter/Saved/Config/Windows/Scalability.ini]
[2023.03.02-13.46.53:797][  0]LogConfig: Setting CVar [[foliage.DensityScale:1.0]]
[2023.03.02-13.46.53:797][  0]LogConfig: Setting CVar [[grass.DensityScale:1.0]]
[2023.03.02-13.46.53:797][  0]LogInit: Selected Device Profile: [Windows]
[2023.03.02-13.46.53:798][  0]LogInit: Applying CVar settings loaded from the selected device profile: [Windows]
[2023.03.02-13.46.53:812][  0]LogHAL: Display: Platform has ~ 7 GB [7448702976 / 8589934592 / 7], which maps to Smaller [LargestMinGB=32, LargerMinGB=12, DefaultMinGB=8, SmallerMinGB=6, SmallestMinGB=0)
[2023.03.02-13.46.53:812][  0]LogConfig: Setting CVar [[r.Vulkan.UseRealUBs:1]]
[2023.03.02-13.46.53:812][  0]LogInit: Going up to parent DeviceProfile []
[2023.03.02-13.46.53:813][  0]LogConfig: Applying CVar settings from Section [ViewDistanceQuality@3] File [D:/GitAr/DwarfShooter/DwarfShooter/Saved/Config/Windows/Scalability.ini]
[2023.03.02-13.46.53:813][  0]LogConfig: Setting CVar [[r.SkeletalMeshLODBias:0]]
[2023.03.02-13.46.53:813][  0]LogConfig: Setting CVar [[r.ViewDistanceScale:1.0]]
[2023.03.02-13.46.53:813][  0]LogConfig: Applying CVar settings from Section [AntiAliasingQuality@3] File [D:/GitAr/DwarfShooter/DwarfShooter/Saved/Config/Windows/Scalability.ini]
[2023.03.02-13.46.53:813][  0]LogConfig: Setting CVar [[r.PostProcessAAQuality:4]]
[2023.03.02-13.46.53:813][  0]LogConfig: Applying CVar settings from Section [ShadowQuality@3] File [D:/GitAr/DwarfShooter/DwarfShooter/Saved/Config/Windows/Scalability.ini]
[2023.03.02-13.46.53:813][  0]LogConfig: Setting CVar [[r.LightFunctionQuality:1]]
[2023.03.02-13.46.53:813][  0]LogConfig: Setting CVar [[r.ShadowQuality:5]]
[2023.03.02-13.46.53:813][  0]LogConfig: Setting CVar [[r.Shadow.CSM.MaxCascades:10]]
[2023.03.02-13.46.53:813][  0]LogConfig: Setting CVar [[r.Shadow.MaxResolution:2048]]
[2023.03.02-13.46.53:813][  0]LogConfig: Setting CVar [[r.Shadow.MaxCSMResolution:2048]]
[2023.03.02-13.46.53:813][  0]LogConfig: Setting CVar [[r.Shadow.RadiusThreshold:0.01]]
[2023.03.02-13.46.53:813][  0]LogConfig: Setting CVar [[r.Shadow.DistanceScale:1.0]]
[2023.03.02-13.46.53:813][  0]LogConfig: Setting CVar [[r.Shadow.CSM.TransitionScale:1.0]]
[2023.03.02-13.46.53:813][  0]LogConfig: Setting CVar [[r.Shadow.PreShadowResolutionFactor:1.0]]
[2023.03.02-13.46.53:813][  0]LogConfig: Setting CVar [[r.DistanceFieldShadowing:1]]
[2023.03.02-13.46.53:813][  0]LogConfig: Setting CVar [[r.DistanceFieldAO:1]]
[2023.03.02-13.46.53:813][  0]LogConfig: Setting CVar [[r.AOQuality:2]]
[2023.03.02-13.46.53:813][  0]LogConfig: Setting CVar [[r.VolumetricFog:1]]
[2023.03.02-13.46.53:813][  0]LogConfig: Setting CVar [[r.VolumetricFog.GridPixelSize:8]]
[2023.03.02-13.46.53:813][  0]LogConfig: Setting CVar [[r.VolumetricFog.GridSizeZ:128]]
[2023.03.02-13.46.53:813][  0]LogConfig: Setting CVar [[r.VolumetricFog.HistoryMissSupersampleCount:4]]
[2023.03.02-13.46.53:813][  0]LogConfig: Setting CVar [[r.LightMaxDrawDistanceScale:1]]
[2023.03.02-13.46.53:813][  0]LogConfig: Setting CVar [[r.CapsuleShadows:1]]
[2023.03.02-13.46.53:813][  0]LogConfig: Applying CVar settings from Section [PostProcessQuality@3] File [D:/GitAr/DwarfShooter/DwarfShooter/Saved/Config/Windows/Scalability.ini]
[2023.03.02-13.46.53:813][  0]LogConfig: Setting CVar [[r.MotionBlurQuality:4]]
[2023.03.02-13.46.53:813][  0]LogConfig: Setting CVar [[r.AmbientOcclusionMipLevelFactor:0.4]]
[2023.03.02-13.46.53:813][  0]LogConfig: Setting CVar [[r.AmbientOcclusionMaxQuality:100]]
[2023.03.02-13.46.53:813][  0]LogConfig: Setting CVar [[r.AmbientOcclusionLevels:-1]]
[2023.03.02-13.46.53:813][  0]LogConfig: Setting CVar [[r.AmbientOcclusionRadiusScale:1.0]]
[2023.03.02-13.46.53:813][  0]LogConfig: Setting CVar [[r.DepthOfFieldQuality:2]]
[2023.03.02-13.46.53:813][  0]LogConfig: Setting CVar [[r.RenderTargetPoolMin:400]]
[2023.03.02-13.46.53:813][  0]LogConfig: Setting CVar [[r.LensFlareQuality:2]]
[2023.03.02-13.46.53:813][  0]LogConfig: Setting CVar [[r.SceneColorFringeQuality:1]]
[2023.03.02-13.46.53:813][  0]LogConfig: Setting CVar [[r.EyeAdaptationQuality:2]]
[2023.03.02-13.46.53:813][  0]LogConfig: Setting CVar [[r.BloomQuality:5]]
[2023.03.02-13.46.53:813][  0]LogConfig: Setting CVar [[r.FastBlurThreshold:100]]
[2023.03.02-13.46.53:813][  0]LogConfig: Setting CVar [[r.Upscale.Quality:3]]
[2023.03.02-13.46.53:813][  0]LogConfig: Setting CVar [[r.Tonemapper.GrainQuantization:1]]
[2023.03.02-13.46.53:813][  0]LogConfig: Setting CVar [[r.LightShaftQuality:1]]
[2023.03.02-13.46.53:813][  0]LogConfig: Setting CVar [[r.Filter.SizeScale:1]]
[2023.03.02-13.46.53:813][  0]LogConfig: Setting CVar [[r.Tonemapper.Quality:5]]
[2023.03.02-13.46.53:813][  0]LogConfig: Setting CVar [[r.DOF.Gather.AccumulatorQuality:1        ; higher gathering accumulator quality]]
[2023.03.02-13.46.53:813][  0]LogConfig: Setting CVar [[r.DOF.Gather.PostfilterMethod:1          ; Median3x3 postfilering method]]
[2023.03.02-13.46.53:814][  0]LogConfig: Setting CVar [[r.DOF.Gather.EnableBokehSettings:0       ; no bokeh simulation when gathering]]
[2023.03.02-13.46.53:814][  0]LogConfig: Setting CVar [[r.DOF.Gather.RingCount:4                 ; medium number of samples when gathering]]
[2023.03.02-13.46.53:814][  0]LogConfig: Setting CVar [[r.DOF.Scatter.ForegroundCompositing:1    ; additive foreground scattering]]
[2023.03.02-13.46.53:814][  0]LogConfig: Setting CVar [[r.DOF.Scatter.BackgroundCompositing:2    ; additive background scattering]]
[2023.03.02-13.46.53:814][  0]LogConfig: Setting CVar [[r.DOF.Scatter.EnableBokehSettings:1      ; bokeh simulation when scattering]]
[2023.03.02-13.46.53:814][  0]LogConfig: Setting CVar [[r.DOF.Scatter.MaxSpriteRatio:0.1         ; only a maximum of 10% of scattered bokeh]]
[2023.03.02-13.46.53:814][  0]LogConfig: Setting CVar [[r.DOF.Recombine.Quality:1                ; cheap slight out of focus]]
[2023.03.02-13.46.53:814][  0]LogConfig: Setting CVar [[r.DOF.Recombine.EnableBokehSettings:0    ; no bokeh simulation on slight out of focus]]
[2023.03.02-13.46.53:814][  0]LogConfig: Setting CVar [[r.DOF.TemporalAAQuality:1                ; more stable temporal accumulation]]
[2023.03.02-13.46.53:814][  0]LogConfig: Setting CVar [[r.DOF.Kernel.MaxForegroundRadius:0.025]]
[2023.03.02-13.46.53:814][  0]LogConfig: Setting CVar [[r.DOF.Kernel.MaxBackgroundRadius:0.025]]
[2023.03.02-13.46.53:814][  0]LogConfig: Applying CVar settings from Section [TextureQuality@3] File [D:/GitAr/DwarfShooter/DwarfShooter/Saved/Config/Windows/Scalability.ini]
[2023.03.02-13.46.53:814][  0]LogConfig: Setting CVar [[r.Streaming.MipBias:0]]
[2023.03.02-13.46.53:814][  0]LogConfig: Setting CVar [[r.Streaming.AmortizeCPUToGPUCopy:0]]
[2023.03.02-13.46.53:814][  0]LogConfig: Setting CVar [[r.Streaming.MaxNumTexturesToStreamPerFrame:0]]
[2023.03.02-13.46.53:814][  0]LogConfig: Setting CVar [[r.Streaming.Boost:1]]
[2023.03.02-13.46.53:814][  0]LogConfig: Setting CVar [[r.MaxAnisotropy:8]]
[2023.03.02-13.46.53:814][  0]LogConfig: Setting CVar [[r.Streaming.LimitPoolSizeToVRAM:0]]
[2023.03.02-13.46.53:814][  0]LogConfig: Setting CVar [[r.Streaming.PoolSize:1000]]
[2023.03.02-13.46.53:814][  0]LogConfig: Setting CVar [[r.Streaming.MaxEffectiveScreenSize:0]]
[2023.03.02-13.46.53:814][  0]LogConfig: Applying CVar settings from Section [EffectsQuality@3] File [D:/GitAr/DwarfShooter/DwarfShooter/Saved/Config/Windows/Scalability.ini]
[2023.03.02-13.46.53:814][  0]LogConfig: Setting CVar [[r.TranslucencyLightingVolumeDim:64]]
[2023.03.02-13.46.53:814][  0]LogConfig: Setting CVar [[r.RefractionQuality:2]]
[2023.03.02-13.46.53:814][  0]LogConfig: Setting CVar [[r.SSR.Quality:3]]
[2023.03.02-13.46.53:814][  0]LogConfig: Setting CVar [[r.SceneColorFormat:4]]
[2023.03.02-13.46.53:814][  0]LogConfig: Setting CVar [[r.DetailMode:2]]
[2023.03.02-13.46.53:814][  0]LogConfig: Setting CVar [[r.TranslucencyVolumeBlur:1]]
[2023.03.02-13.46.53:814][  0]LogConfig: Setting CVar [[r.MaterialQualityLevel:1 ; High quality]]
[2023.03.02-13.46.53:814][  0]LogConfig: Setting CVar [[r.SSS.Scale:1]]
[2023.03.02-13.46.53:814][  0]LogConfig: Setting CVar [[r.SSS.SampleSet:2]]
[2023.03.02-13.46.53:814][  0]LogConfig: Setting CVar [[r.SSS.Quality:1]]
[2023.03.02-13.46.53:814][  0]LogConfig: Setting CVar [[r.SSS.HalfRes:1]]
[2023.03.02-13.46.53:814][  0]LogConfig: Setting CVar [[r.EmitterSpawnRateScale:1.0]]
[2023.03.02-13.46.53:814][  0]LogConfig: Setting CVar [[r.ParticleLightQuality:2]]
[2023.03.02-13.46.53:814][  0]LogConfig: Applying CVar settings from Section [FoliageQuality@3] File [D:/GitAr/DwarfShooter/DwarfShooter/Saved/Config/Windows/Scalability.ini]
[2023.03.02-13.46.53:814][  0]LogConfig: Setting CVar [[foliage.DensityScale:1.0]]
[2023.03.02-13.46.53:814][  0]LogConfig: Setting CVar [[grass.DensityScale:1.0]]
[2023.03.02-13.46.53:814][  0]LogConfig: Applying CVar settings from Section [Startup] File [../../../Engine/Config/ConsoleVariables.ini]
[2023.03.02-13.46.53:816][  0]LogConfig: Setting CVar [[net.UseAdaptiveNetUpdateFrequency:0]]
[2023.03.02-13.46.53:816][  0]LogConfig: Applying CVar settings from Section [ConsoleVariables] File [D:/GitAr/DwarfShooter/DwarfShooter/Saved/Config/Windows/Engine.ini]
[2023.03.02-13.46.53:817][  0]LogInit: Computer: LAPTOP-6IBLC9MP
[2023.03.02-13.46.53:817][  0]LogInit: User: Adriano
[2023.03.02-13.46.53:817][  0]LogInit: CPU Page size=4096, Cores=4
[2023.03.02-13.46.53:817][  0]LogInit: High frequency timer resolution =10.000000 MHz
[2023.03.02-13.46.53:817][  0]LogMemory: Memory total: Physical=6.9GB (7GB approx)
[2023.03.02-13.46.53:817][  0]LogMemory: Platform Memory Stats for Windows
[2023.03.02-13.46.53:817][  0]LogMemory: Process Physical Memory: 103.89 MB used, 103.89 MB peak
[2023.03.02-13.46.53:817][  0]LogMemory: Process Virtual Memory: 91.63 MB used, 91.63 MB peak
[2023.03.02-13.46.53:817][  0]LogMemory: Physical Memory: 6225.06 MB used,  878.57 MB free, 7103.64 MB total
[2023.03.02-13.46.53:817][  0]LogMemory: Virtual Memory: 4636.55 MB used,  134213088.00 MB free, 134217728.00 MB total
[2023.03.02-13.46.53:886][  0]LogInit: Using OS detected language (ru-RU).
[2023.03.02-13.46.53:886][  0]LogInit: Using OS detected locale (ru-RU).
[2023.03.02-13.46.53:888][  0]LogTextLocalizationManager: No specific localization for 'ru-RU' exists, so the 'ru' localization will be used.
[2023.03.02-13.46.53:892][  0]LogStreaming: Display: Took  0.006s to InitEngineTextLocalization.
[2023.03.02-13.46.53:892][  0]LogInit: Setting process to per monitor DPI aware
[2023.03.02-13.46.53:942][  0]LogSlate: New Slate User Created.  User Index 0, Is Virtual User: 0
[2023.03.02-13.46.53:942][  0]LogSlate: Slate User Registered.  User Index 0, Is Virtual User: 0
[2023.03.02-13.46.54:373][  0]LogHMD: Failed to initialize OpenVR with code 110
[2023.03.02-13.46.54:373][  0]LogD3D11RHI: D3D11 adapters:
[2023.03.02-13.46.54:404][  0]LogD3D11RHI:    0. 'AMD Radeon(TM) Vega 8 Graphics' (Feature Level 11_0)
[2023.03.02-13.46.54:404][  0]LogD3D11RHI:       1008/0/3551 MB DedicatedVideo/DedicatedSystem/SharedSystem, Outputs:1, VendorId:0x1002
[2023.03.02-13.46.54:426][  0]LogD3D11RHI:    1. 'AMD Radeon(TM) Vega 8 Graphics' (Feature Level 11_0)
[2023.03.02-13.46.54:426][  0]LogD3D11RHI:       1008/0/3551 MB DedicatedVideo/DedicatedSystem/SharedSystem, Outputs:0, VendorId:0x1002
[2023.03.02-13.46.54:431][  0]LogD3D11RHI:    2. 'Microsoft Basic Render Driver' (Feature Level 11_0)
[2023.03.02-13.46.54:431][  0]LogD3D11RHI:       0/0/3551 MB DedicatedVideo/DedicatedSystem/SharedSystem, Outputs:0, VendorId:0x1414
[2023.03.02-13.46.54:431][  0]LogD3D11RHI: Chosen D3D11 Adapter: 0
[2023.03.02-13.46.54:442][  0]LogD3D11RHI: Creating new Direct3DDevice
[2023.03.02-13.46.54:442][  0]LogD3D11RHI:     GPU DeviceId: 0x15d8 (for the marketing name, search the web for "GPU Device Id")
[2023.03.02-13.46.54:442][  0]LogWindows: EnumDisplayDevices:
[2023.03.02-13.46.54:443][  0]LogWindows:    0. 'AMD Radeon(TM) Vega 8 Graphics' (P:1 D:1)
[2023.03.02-13.46.54:443][  0]LogWindows:    1. 'AMD Radeon(TM) Vega 8 Graphics' (P:0 D:0)
[2023.03.02-13.46.54:443][  0]LogWindows:    2. 'AMD Radeon(TM) Vega 8 Graphics' (P:0 D:0)
[2023.03.02-13.46.54:444][  0]LogWindows:    3. 'AMD Radeon(TM) Vega 8 Graphics' (P:0 D:0)
[2023.03.02-13.46.54:444][  0]LogWindows:    4. 'AMD Radeon(TM) Vega 8 Graphics' (P:0 D:0)
[2023.03.02-13.46.54:445][  0]LogWindows:    5. 'AMD Radeon(TM) Vega 8 Graphics' (P:0 D:0)
[2023.03.02-13.46.54:445][  0]LogWindows:    6. 'Virtual Display Device' (P:0 D:0)
[2023.03.02-13.46.54:445][  0]LogWindows: DebugString: GetVideoDriverDetailsInvalid PrimaryIsNotTheChoosenAdapter FoundDriverCount:6 
[2023.03.02-13.46.54:445][  0]LogD3D11RHI:     Adapter Name: AMD Radeon(TM) Vega 8 Graphics
[2023.03.02-13.46.54:445][  0]LogD3D11RHI:   Driver Version: Adrenalin 19.10.30.22 (internal:26.20.11030.22001, unified:26.20.11030.22001)
[2023.03.02-13.46.54:445][  0]LogD3D11RHI:      Driver Date: 4-22-2020
[2023.03.02-13.46.54:445][  0]LogRHI: Texture pool is 706 MB (70% of 1008 MB)
[2023.03.02-13.46.54:497][  0]LogD3D11RHI: Async texture creation enabled
[2023.03.02-13.46.54:519][  0]LogD3D11RHI: GPU Timing Frequency: 25.000000 (Debug: 2 1)
[2023.03.02-13.46.54:521][  0]LogD3D11RHI: HDR output is supported on display 0 (AMD Device: 0x0, Display: 0x0).
[2023.03.02-13.46.55:532][  0]LogTemp: Display: Loaded TP AllDesktopTargetPlatform
[2023.03.02-13.46.55:552][  0]LogTemp: Display: Loaded TP MacClientTargetPlatform
[2023.03.02-13.46.55:572][  0]LogTemp: Display: Loaded TP MacNoEditorTargetPlatform
[2023.03.02-13.46.55:593][  0]LogTemp: Display: Loaded TP MacServerTargetPlatform
[2023.03.02-13.46.55:615][  0]LogTemp: Display: Loaded TP MacTargetPlatform
[2023.03.02-13.46.55:636][  0]LogTemp: Display: Loaded TP WindowsClientTargetPlatform
[2023.03.02-13.46.55:656][  0]LogTemp: Display: Loaded TP WindowsNoEditorTargetPlatform
[2023.03.02-13.46.55:676][  0]LogTemp: Display: Loaded TP WindowsServerTargetPlatform
[2023.03.02-13.46.55:688][  0]LogTemp: Display: Loaded TP WindowsTargetPlatform
[2023.03.02-13.46.55:799][  0]LogTemp: Display: Loaded TP AndroidTargetPlatform
[2023.03.02-13.46.55:799][  0]LogTemp: Display: Loaded TP AndroidTargetPlatform
[2023.03.02-13.46.55:799][  0]LogTemp: Display: Loaded TP AndroidTargetPlatform
[2023.03.02-13.46.55:799][  0]LogTemp: Display: Loaded TP AndroidTargetPlatform
[2023.03.02-13.46.55:799][  0]LogTemp: Display: Loaded TP AndroidTargetPlatform
[2023.03.02-13.46.55:799][  0]LogTemp: Display: Loaded TP AndroidTargetPlatform
[2023.03.02-13.46.55:799][  0]LogTemp: Display: Loaded TP AndroidTargetPlatform
[2023.03.02-13.46.55:799][  0]LogTemp: Display: Loaded TP AndroidTargetPlatform
[2023.03.02-13.46.55:799][  0]LogTemp: Display: Loaded TP AndroidTargetPlatform
[2023.03.02-13.46.55:799][  0]LogTemp: Display: Loaded TP AndroidTargetPlatform
[2023.03.02-13.46.55:799][  0]LogTemp: Display: Loaded TP AndroidTargetPlatform
[2023.03.02-13.46.55:799][  0]LogTemp: Display: Loaded TP AndroidTargetPlatform
[2023.03.02-13.46.55:799][  0]LogTemp: Display: Loaded TP AndroidTargetPlatform
[2023.03.02-13.46.55:799][  0]LogTemp: Display: Loaded TP AndroidTargetPlatform
[2023.03.02-13.46.55:799][  0]LogTemp: Display: Loaded TP AndroidTargetPlatform
[2023.03.02-13.46.55:799][  0]LogTemp: Display: Loaded TP AndroidTargetPlatform
[2023.03.02-13.46.55:799][  0]LogTemp: Display: Loaded TP AndroidTargetPlatform
[2023.03.02-13.46.55:799][  0]LogTemp: Display: Loaded TP AndroidTargetPlatform
[2023.03.02-13.46.55:802][  0]LogTemp: Display: Loaded TP HTML5TargetPlatform
[2023.03.02-13.46.55:882][  0]LogTemp: Display: Loaded TP IOSTargetPlatform
[2023.03.02-13.46.55:882][  0]LogTemp: Display: Loaded TP IOSTargetPlatform
[2023.03.02-13.46.55:920][  0]LogTemp: Display: Loaded TP TVOSTargetPlatform
[2023.03.02-13.46.55:920][  0]LogTemp: Display: Loaded TP TVOSTargetPlatform
[2023.03.02-13.46.55:940][  0]LogTemp: Display: Loaded TP LinuxClientTargetPlatform
[2023.03.02-13.46.55:959][  0]LogTemp: Display: Loaded TP LinuxNoEditorTargetPlatform
[2023.03.02-13.46.55:977][  0]LogTemp: Display: Loaded TP LinuxServerTargetPlatform
[2023.03.02-13.46.55:998][  0]LogTemp: Display: Loaded TP LinuxTargetPlatform
[2023.03.02-13.46.56:069][  0]LogTemp: Display: Loaded TP LuminTargetPlatform
[2023.03.02-13.46.56:069][  0]LogTemp: Display: Loaded TP LuminTargetPlatform
[2023.03.02-13.46.56:069][  0]LogTargetPlatformManager: Display: Building Assets For Windows
[2023.03.02-13.46.56:154][  0]LogShaderCompilers: Guid format shader working directory is -1 characters bigger than the processId version (../../../../../../GitAr/DwarfShooter/DwarfShooter/Intermediate/Shaders/WorkingDirectory/3884/).
[2023.03.02-13.46.56:155][  0]LogShaderCompilers: Cleaned the shader compiler working directory 'C:/Users/Adriano/AppData/Local/Temp/UnrealShaderWorkingDir/D2A9B68C4B79A6D72BB55CB317233D10/'.
[2023.03.02-13.46.56:157][  0]LogXGEController: Cannot use XGE Controller as Incredibuild is not installed on this machine.
[2023.03.02-13.46.56:157][  0]LogShaderCompilers: Cannot use XGE Shader Compiler as Incredibuild is not installed on this machine.
[2023.03.02-13.46.56:157][  0]LogShaderCompilers: Display: Using Local Shader Compiler.
[2023.03.02-13.46.56:850][  0]LogDerivedDataCache: Display: Max Cache Size: 512 MB
[2023.03.02-13.46.56:929][  0]LogDerivedDataCache: Loaded boot cache 0.08s 71MB C:/Users/Adriano/AppData/Local/UnrealEngine/4.21/DerivedDataCache/Boot.ddc.
[2023.03.02-13.46.56:929][  0]LogDerivedDataCache: Display: Loaded Boot cache: C:/Users/Adriano/AppData/Local/UnrealEngine/4.21/DerivedDataCache/Boot.ddc
[2023.03.02-13.46.56:929][  0]LogDerivedDataCache: FDerivedDataBackendGraph:  Pak pak cache file ../../../../../../GitAr/DwarfShooter/DwarfShooter/DerivedDataCache/DDC.ddp not found, will not use a pak cache.
[2023.03.02-13.46.56:929][  0]LogDerivedDataCache: Unable to find inner node Pak for hierarchical cache Hierarchy.
[2023.03.02-13.46.56:929][  0]LogDerivedDataCache: FDerivedDataBackendGraph:  CompressedPak pak cache file ../../../../../../GitAr/DwarfShooter/DwarfShooter/DerivedDataCache/Compressed.ddp not found, will not use a pak cache.
[2023.03.02-13.46.56:929][  0]LogDerivedDataCache: Unable to find inner node CompressedPak for hierarchical cache Hierarchy.
[2023.03.02-13.46.56:949][  0]LogDerivedDataCache: Display: Pak cache opened for reading ../../../Engine/DerivedDataCache/Compressed.ddp.
[2023.03.02-13.46.56:949][  0]LogDerivedDataCache: FDerivedDataBackendGraph:  EnterprisePak pak cache file ../../../Enterprise/DerivedDataCache/Compressed.ddp not found, will not use a pak cache.
[2023.03.02-13.46.56:949][  0]LogDerivedDataCache: Unable to find inner node EnterprisePak for hierarchical cache Hierarchy.
[2023.03.02-13.46.56:961][  0]LogDerivedDataCache: Using Local data cache path C:/Users/Adriano/AppData/Local/UnrealEngine/Common/DerivedDataCache: Writable
[2023.03.02-13.46.56:961][  0]LogDerivedDataCache: Shared data cache path not found in *engine.ini, will not use an Shared cache.
[2023.03.02-13.46.56:961][  0]LogDerivedDataCache: Unable to find inner node Shared for hierarchical cache Hierarchy.
[2023.03.02-13.46.56:990][  0]LogMaterial: Verifying Global Shaders for PCD3D_SM5
[2023.03.02-13.46.56:993][  0]LogSlate: Using FreeType 2.6.0
[2023.03.02-13.46.56:994][  0]LogSlate: SlateFontServices - WITH_FREETYPE: 1, WITH_HARFBUZZ: 1
[2023.03.02-13.46.57:155][  0]LogAssetRegistry: FAssetRegistry took 0.0411 seconds to start up
[2023.03.02-13.46.57:680][  0]LogInit: Selected Device Profile: [Windows]
[2023.03.02-13.46.57:889][  0]LogSimplygon: Simplygon DLL not present - disabling.
[2023.03.02-13.46.57:900][  0]LogMeshReduction: Using SimplygonSwarm for distributed automatic mesh merging
[2023.03.02-13.46.57:900][  0]LogMeshReduction: Using ProxyLODMeshReduction for automatic mesh merging
[2023.03.02-13.46.57:901][  0]LogMeshReduction: Using QuadricMeshReduction for automatic static mesh reduction
[2023.03.02-13.46.57:901][  0]LogMeshReduction: No automatic skeletal mesh reduction module available
[2023.03.02-13.46.57:931][  0]LogNetVersion: DwarfShooter 1.0.0, NetCL: 4541578, EngineNetVer: 5, GameNetVer: 0 (Checksum: 3777380882)
[2023.03.02-13.46.58:652][  0]LogPackageLocalizationCache: Processed 11 localized package path(s) for 2 prioritized culture(s) in 0.107085 seconds
[2023.03.02-13.46.58:662][  0]LogUObjectArray: 39775 objects as part of root set at end of initial load.
[2023.03.02-13.46.58:662][  0]LogUObjectAllocator: 6914656 out of 0 bytes used by permanent object pool.
[2023.03.02-13.46.58:662][  0]LogUObjectArray: CloseDisregardForGC: 0/0 objects in disregard for GC pool
[2023.03.02-13.47.00:369][  0]LogTcpMessaging: Initializing TcpMessaging bridge
[2023.03.02-13.47.00:384][  0]LogUdpMessaging: Initializing bridge on interface 0.0.0.0:0 to multicast group 230.0.0.1:6666.
[2023.03.02-13.47.01:229][  0]SourceControl: Source control is disabled
[2023.03.02-13.47.01:230][  0]SourceControl: Source control is disabled
[2023.03.02-13.47.01:236][  0]SourceControl: Source control is disabled
[2023.03.02-13.47.01:239][  0]SourceControl: Source control is disabled
[2023.03.02-13.47.01:500][  0]LogAndroidPermission: UAndroidPermissionCallbackProxy::GetInstance
[2023.03.02-13.47.01:584][  0]LogOcInput: OculusInput pre-init called
[2023.03.02-13.47.01:781][  0]LogEngine: Initializing Engine...
[2023.03.02-13.47.01:783][  0]LogHMD: Failed to initialize OpenVR with code 110
[2023.03.02-13.47.01:787][  0]LogStats: UGameplayTagsManager::ConstructGameplayTagTree: ImportINI prefixes -  0.000 s
[2023.03.02-13.47.01:787][  0]LogStats: UGameplayTagsManager::ConstructGameplayTagTree: Construct from data asset -  0.000 s
[2023.03.02-13.47.01:788][  0]LogStats: UGameplayTagsManager::ConstructGameplayTagTree: ImportINI -  0.000 s
[2023.03.02-13.47.01:788][  0]LogStats: UGameplayTagsManager::ConstructGameplayTagTree: GameplayTagTreeChangedEvent.Broadcast -  0.000 s
[2023.03.02-13.47.02:062][  0]LogInit: Initializing FReadOnlyCVARCache
[2023.03.02-13.47.02:114][  0]LogAIModule: Creating AISystem for world Untitled
[2023.03.02-13.47.02:136][  0]LogInit: XAudio2 using 'Динамики (Realtek(R) Audio)' : 2 channels at 48 kHz using 16 bits per sample (channel mask 0x3)
[2023.03.02-13.47.02:895][  0]LogInit: FAudioDevice initialized.
[2023.03.02-13.47.02:895][  0]LogNetVersion: Set ProjectVersion to 1.0.0.0. Version Checksum will be recalculated on next use.
[2023.03.02-13.47.02:957][  0]LogDerivedDataCache: Saved boot cache 0.06s 71MB C:/Users/Adriano/AppData/Local/UnrealEngine/4.21/DerivedDataCache/Boot.ddc.
[2023.03.02-13.47.02:961][  0]LogInit: Texture streaming: Enabled
[2023.03.02-13.47.02:980][  0]LogEngineSessionManager: EngineSessionManager initialized
[2023.03.02-13.47.02:999][  0]LogInit: Transaction tracking system initialized
[2023.03.02-13.47.03:043][  0]BlueprintLog: New page: Editor Load
[2023.03.02-13.47.03:173][  0]LocalizationService: Localization service is disabled
[2023.03.02-13.47.03:764][  0]LogCook: Display: Max memory allowance for cook 16384mb min free memory 0mb
[2023.03.02-13.47.03:764][  0]LogCook: Display: Mobile HDR setting 0
[2023.03.02-13.47.03:764][  0]LogGameplayTags: Display: UGameplayTagsManager::DoneAddingNativeTags. DelegateIsBound: 0
[2023.03.02-13.47.03:765][  0]LogStats: UGameplayTagsManager::ConstructGameplayTagTree: ImportINI prefixes -  0.000 s
[2023.03.02-13.47.03:765][  0]LogStats: UGameplayTagsManager::ConstructGameplayTagTree: Construct from data asset -  0.000 s
[2023.03.02-13.47.03:765][  0]LogStats: UGameplayTagsManager::ConstructGameplayTagTree: ImportINI -  0.000 s
[2023.03.02-13.47.03:765][  0]LogStats: UGameplayTagsManager::ConstructGameplayTagTree: GameplayTagTreeChangedEvent.Broadcast -  0.000 s
[2023.03.02-13.47.03:991][  0]LogFileCache: Scanning file cache for directory 'D:/GitAr/DwarfShooter/DwarfShooter/Content/' took 0.03s
[2023.03.02-13.47.03:991][  0]SourceControl: Source control is disabled
[2023.03.02-13.47.03:992][  0]Cmd: MAP LOAD FILE="../../../../../../GitAr/DwarfShooter/DwarfShooter/Content/ThirdPersonBP/Maps/ThirdPersonExampleMap.umap" TEMPLATE=0 SHOWPROGRESS=1 FEATURELEVEL=3
[2023.03.02-13.47.03:993][  0]LightingResults: New page: Lighting Build
[2023.03.02-13.47.03:999][  0]MapCheck: New page: Map Check
[2023.03.02-13.47.03:999][  0]LightingResults: New page: Lighting Build
[2023.03.02-13.47.04:228][  0]LogLinker: Warning: Asset '../../../../../../GitAr/DwarfShooter/DwarfShooter/Content/Characters/Hero/Weapons/Textures/MagGunT1_section.uasset' has been saved with empty engine version. The asset will be loaded but may be incompatible.
[2023.03.02-13.47.04:882][  0]LogAIModule: Creating AISystem for world ThirdPersonExampleMap
[2023.03.02-13.47.04:924][  0]LogEditorServer: Finished looking for orphan Actors (0.000 secs)
[2023.03.02-13.47.04:956][  0]Cmd: MAP CHECKDEP NOCLEARLOG
[2023.03.02-13.47.04:956][  0]MapCheck: Map check complete: 0 Error(s), 0 Warning(s), took 0,165ms to complete.
[2023.03.02-13.47.04:957][  0]LogFileHelpers: Loading map 'ThirdPersonExampleMap' took 0.965
[2023.03.02-13.47.05:121][  0]LogSlate: Updating window title bar state: overlay mode, drag disabled, window buttons hidden, title bar hidden
[2023.03.02-13.47.05:130][  0]LogSlate: Updating window title bar state: overlay mode, drag disabled, window buttons hidden, title bar hidden
[2023.03.02-13.47.05:139][  0]LogSlate: Updating window title bar state: overlay mode, drag disabled, window buttons hidden, title bar hidden
[2023.03.02-13.47.05:151][  0]LogSlate: Updating window title bar state: overlay mode, drag disabled, window buttons hidden, title bar hidden
[2023.03.02-13.47.05:172][  0]LogCollectionManager: Loaded 0 collections in 0.001011 seconds
[2023.03.02-13.47.05:201][  0]LogFileCache: Scanning file cache for directory 'D:/GitAr/DwarfShooter/DwarfShooter/Saved/Collections/' took 0.01s
[2023.03.02-13.47.05:201][  0]LogFileCache: Scanning file cache for directory 'D:/GitAr/DwarfShooter/DwarfShooter/Content/Developers/Adriano/Collections/' took 0.00s
[2023.03.02-13.47.05:201][  0]LogFileCache: Scanning file cache for directory 'D:/GitAr/DwarfShooter/DwarfShooter/Content/Collections/' took 0.00s
[2023.03.02-13.47.05:201][  0]LogCollectionManager: Rebuilt the GUID cache for 0 collections in 0.000000 seconds
[2023.03.02-13.47.05:214][  0]LogContentBrowser: Native class hierarchy populated in 0.0118 seconds. Added 2651 classes and 620 folders.
[2023.03.02-13.47.05:225][  0]LogContentBrowser: Native class hierarchy updated for 'WidgetCarousel' in 0.0003 seconds. Added 0 classes and 0 folders.
[2023.03.02-13.47.05:262][  0]LogPakFile: Registered encryption key '00000000000000000000000000000000': 0 pak files mounted, 0 remain pending
[2023.03.02-13.47.05:275][  0]LogPakFile: Registered encryption key '00000000000000000000000000000000': 0 pak files mounted, 0 remain pending
[2023.03.02-13.47.05:298][  0]LogPakFile: Registered encryption key '00000000000000000000000000000000': 0 pak files mounted, 0 remain pending
[2023.03.02-13.47.05:306][  0]LogPakFile: Registered encryption key '00000000000000000000000000000000': 0 pak files mounted, 0 remain pending
[2023.03.02-13.47.05:313][  0]LogPakFile: Registered encryption key '00000000000000000000000000000000': 0 pak files mounted, 0 remain pending
[2023.03.02-13.47.05:320][  0]LogPakFile: Registered encryption key '00000000000000000000000000000000': 0 pak files mounted, 0 remain pending
[2023.03.02-13.47.05:327][  0]LogPakFile: Registered encryption key '00000000000000000000000000000000': 0 pak files mounted, 0 remain pending
[2023.03.02-13.47.05:336][  0]LogPakFile: Registered encryption key '00000000000000000000000000000000': 0 pak files mounted, 0 remain pending
[2023.03.02-13.47.05:346][  0]LogPakFile: Registered encryption key '00000000000000000000000000000000': 0 pak files mounted, 0 remain pending
[2023.03.02-13.47.05:355][  0]LogPakFile: Registered encryption key '00000000000000000000000000000000': 0 pak files mounted, 0 remain pending
[2023.03.02-13.47.05:363][  0]LogPakFile: Registered encryption key '00000000000000000000000000000000': 0 pak files mounted, 0 remain pending
[2023.03.02-13.47.05:370][  0]LogPakFile: Registered encryption key '00000000000000000000000000000000': 0 pak files mounted, 0 remain pending
[2023.03.02-13.47.05:378][  0]LogPakFile: Registered encryption key '00000000000000000000000000000000': 0 pak files mounted, 0 remain pending
[2023.03.02-13.47.05:386][  0]LogPakFile: Registered encryption key '00000000000000000000000000000000': 0 pak files mounted, 0 remain pending
[2023.03.02-13.47.05:393][  0]LogPakFile: Registered encryption key '00000000000000000000000000000000': 0 pak files mounted, 0 remain pending
[2023.03.02-13.47.05:400][  0]LogPakFile: Registered encryption key '00000000000000000000000000000000': 0 pak files mounted, 0 remain pending
[2023.03.02-13.47.05:423][  0]LogPakFile: Registered encryption key '00000000000000000000000000000000': 0 pak files mounted, 0 remain pending
[2023.03.02-13.47.05:432][  0]LogPakFile: Registered encryption key '00000000000000000000000000000000': 0 pak files mounted, 0 remain pending
[2023.03.02-13.47.05:440][  0]LogPakFile: Registered encryption key '00000000000000000000000000000000': 0 pak files mounted, 0 remain pending
[2023.03.02-13.47.05:447][  0]LogPakFile: Registered encryption key '00000000000000000000000000000000': 0 pak files mounted, 0 remain pending
[2023.03.02-13.47.05:476][  0]LogPakFile: Registered encryption key '00000000000000000000000000000000': 0 pak files mounted, 0 remain pending
[2023.03.02-13.47.05:484][  0]LogPakFile: Registered encryption key '00000000000000000000000000000000': 0 pak files mounted, 0 remain pending
[2023.03.02-13.47.05:492][  0]LogPakFile: Registered encryption key '00000000000000000000000000000000': 0 pak files mounted, 0 remain pending
[2023.03.02-13.47.05:500][  0]LogPakFile: Registered encryption key '00000000000000000000000000000000': 0 pak files mounted, 0 remain pending
[2023.03.02-13.47.05:507][  0]LogPakFile: Registered encryption key '00000000000000000000000000000000': 0 pak files mounted, 0 remain pending
[2023.03.02-13.47.05:515][  0]LogPakFile: Registered encryption key '00000000000000000000000000000000': 0 pak files mounted, 0 remain pending
[2023.03.02-13.47.05:904][  0]LogContentBrowser: Native class hierarchy updated for 'AddContentDialog' in 0.0004 seconds. Added 0 classes and 0 folders.
[2023.03.02-13.47.05:952][  0]LogContentBrowser: Native class hierarchy updated for 'SceneOutliner' in 0.0005 seconds. Added 1 classes and 2 folders.
[2023.03.02-13.47.08:280][  0]LogSlate: Only BGRA pngs, bmps or icos are supported in by External Image Picker
[2023.03.02-13.47.08:332][  0]LogSlate: Took 0.000659 seconds to synchronously load lazily loaded font '../../../Engine/Content/Slate/Fonts/Roboto-Regular.ttf' (155K)
[2023.03.02-13.47.08:340][  0]LogSlate: Took 0.000790 seconds to synchronously load lazily loaded font '../../../Engine/Content/Slate/Fonts/Roboto-Bold.ttf' (160K)
[2023.03.02-13.47.08:359][  0]LogSlate: Took 0.009331 seconds to synchronously load lazily loaded font '../../../Engine/Content/Editor/Slate/Fonts/FontAwesome.ttf' (139K)
[2023.03.02-13.47.08:570][  0]LogTemp: Executing iPhonePackager certificates Engine -bundlename com.YourCompany.DwarfShooter
[2023.03.02-13.47.08:570][  0]LogTemp: CWD: D:\program files\Epic Games\UE_4.21\Engine\Binaries\DotNET\IOS
[2023.03.02-13.47.08:570][  0]LogTemp: Initial Dir: D:\program files\Epic Games\UE_4.21
[2023.03.02-13.47.08:570][  0]LogTemp: Env CWD: D:\program files\Epic Games\UE_4.21\Engine\Binaries\DotNET\IOS
[2023.03.02-13.47.08:570][  0]LogTemp: BranchPath = LAPTOP-6IBLC9MP/D/program files/Epic Games/UE_4.21/Engine/Binaries --- GameBranchPath = LAPTOP-6IBLC9MP/D/program files/Epic Games/UE_4.21/Engine/Binaries
[2023.03.02-13.47.08:570][  0]LogTemp: IPP ERROR: Could not find provision directory 'C:\Users\Adriano\AppData\Local/Apple Computer/MobileDevice/Provisioning Profiles/'.
[2023.03.02-13.47.08:570][  0]LogRenderer: Reallocating scene render targets to support 836x444 Format 10 NumSamples 1 (Frame:1).
[2023.03.02-13.47.08:805][  0]LogContentBrowser: Native class hierarchy updated for 'HierarchicalLODOutliner' in 0.0004 seconds. Added 0 classes and 0 folders.
[2023.03.02-13.47.08:806][  0]LogLoad: (Engine Initialization) Total time: 18.07 seconds
[2023.03.02-13.47.08:806][  0]LogLoad: (Engine Initialization) Total Blueprint compile time: 0.00 seconds
[2023.03.02-13.47.08:968][  0]LogContentStreaming: Texture pool size now 1000 MB
[2023.03.02-13.47.09:073][  0]LogSlate: Took 0.007358 seconds to synchronously load lazily loaded font '../../../Engine/Content/Slate/Fonts/Roboto-Light.ttf' (167K)
[2023.03.02-13.47.09:441][  3]LogAssetRegistry: Asset discovery search completed in 12.3092 seconds
[2023.03.02-13.47.09:446][  3]LogCollectionManager: Rebuilt the object cache for 0 collections in 0.000001 seconds (found 0 objects)
[2023.03.02-13.47.09:446][  3]LogCollectionManager: Fixed up redirectors for 0 collections in 0.000121 seconds (updated 0 objects)
[2023.03.02-13.47.10:423][  6]LogSlate: Took 0.000354 seconds to synchronously load lazily loaded font '../../../Engine/Content/Slate/Fonts/Roboto-Light.ttf' (167K)
[2023.03.02-13.55.13:910][648]LogSlate: FSceneViewport::OnFocusLost() reason 0
[2023.03.02-13.55.14:023][653]LogAssetEditorManager: Opening Asset editor for Blueprint /Game/BP/DSHero.DSHero
[2023.03.02-13.55.14:895][653]LogContentBrowser: Native class hierarchy updated for 'BlueprintGraph' in 0.0011 seconds. Added 117 classes and 0 folders.
[2023.03.02-13.55.16:032][653]LogAssetEditorManager: Opening Asset editor for Skeleton /Game/Characters/Hero/Hero_Skeleton.Hero_Skeleton
[2023.03.02-13.55.16:077][653]LogContentBrowser: Native class hierarchy updated for 'SkeletonEditor' in 0.0004 seconds. Added 1 classes and 2 folders.
[2023.03.02-13.55.16:370][653]LogActorComponent: RegisterComponentWithWorld: (/Engine/Transient.World_2:PersistentLevel.AnimationEditorPreviewActor_0.DebugSkelMeshComponent_0) Already registered. Aborting.
[2023.03.02-13.55.16:376][653]LogContentBrowser: Native class hierarchy updated for 'PinnedCommandList' in 0.0004 seconds. Added 1 classes and 0 folders.
[2023.03.02-13.55.16:434][653]LogSkeletalMesh: USkeletalMeshComponent::InitArticulated : Bodies already created (/Engine/Transient.World_2:PersistentLevel.AnimationEditorPreviewActor_0.DebugSkelMeshComponent_0) - call TermArticulated first.
[2023.03.02-13.55.16:749][653]LogAssetEditorManager: Opening Asset editor for StaticMesh /Game/Characters/Hero/Weapons/Hero_Rifle.Hero_Rifle
[2023.03.02-13.55.19:736][715]LogSlate: Took 0.009984 seconds to synchronously load lazily loaded font '../../../Engine/Content/Slate/Fonts/Roboto-BoldCondensed.ttf' (158K)
[2023.03.02-13.55.20:049][716]LogContentBrowser: Native class hierarchy updated for 'ClothingSystemEditorInterface' in 0.0006 seconds. Added 1 classes and 0 folders.
[2023.03.02-13.55.20:606][736]LogRenderer: Reallocating scene render targets to support 924x540 Format 10 NumSamples 1 (Frame:63).
[2023.03.02-13.55.21:708][763]LogRenderer: Reallocating scene render targets to support 924x712 Format 10 NumSamples 1 (Frame:50).
[2023.03.02-13.55.23:381][813]LogRenderer: Reallocating scene render targets to support 1144x748 Format 10 NumSamples 1 (Frame:111).
[2023.03.02-13.55.23:381][813]LogSlate: Took 0.025658 seconds to synchronously load lazily loaded font '../../../Engine/Content/Slate/Fonts/Roboto-Italic.ttf' (157K)
[2023.03.02-13.55.23:582][820]LogSlate: Window 'Hero_Rifle' being destroyed
[2023.03.02-13.55.51:226][758]LogContentBrowser: Verbose: The majority of assets in the view are of type: Skeleton
[2023.03.02-13.56.16:435][758]LogSlate: Window 'Create Animation Blueprint' being destroyed
[2023.03.02-13.56.36:068][ 35]LogAssetEditorManager: Opening Asset editor for AnimBlueprint /Game/Characters/Enemy/Animations/Enemy_AnimBP.Enemy_AnimBP
[2023.03.02-13.56.36:139][ 35]LogActorComponent: RegisterComponentWithWorld: (/Engine/Transient.World_10:PersistentLevel.AnimationEditorPreviewActor_0.DebugSkelMeshComponent_0) Already registered. Aborting.
[2023.03.02-13.56.39:587][128]LogSlate: Window 'Enemy_AnimBP*' being destroyed
[2023.03.02-13.57.09:140][870]LogUnrealEdMisc: Warning: Heartbeat event firing too frequently (52.660 sec). This should never happen. Something is wrong with the timer delegate!
[2023.03.02-13.57.41:562][351]LogFileHelpers: Editor autosave (incl. sublevels) for '/Game/ThirdPersonBP/Maps/ThirdPersonExampleMap' took 0.060
[2023.03.02-13.57.41:566][351]OBJ SavePackage: Generating thumbnails for [1] asset(s) in package [/Game/Characters/Enemy/Animations/Enemy_AnimBP] ([1] browsable assets)...
[2023.03.02-13.57.41:604][351]OBJ SavePackage:     Rendered thumbnail for [AnimBlueprint /Game/Characters/Enemy/Animations/Enemy_AnimBP.Enemy_AnimBP]
[2023.03.02-13.57.41:605][351]OBJ SavePackage: Finished generating thumbnails for package [/Game/Characters/Enemy/Animations/Enemy_AnimBP]
[2023.03.02-13.57.41:632][351]LogSavePackage: Moving '../../../../../../GitAr/DwarfShooter/DwarfShooter/Saved/Enemy_AnimBP_Auto15466B4EB42194FBA67B53ABA6C49B974.tmp' to '../../../../../../GitAr/DwarfShooter/DwarfShooter/Saved/Autosaves/Game/Characters/Enemy/Animations/Enemy_AnimBP_Auto1.uasset'
[2023.03.02-13.57.41:634][351]LogFileHelpers: Auto-saving content packages took 0.071
[2023.03.02-13.58.07:129][865]LogSlate: Took 0.010047 seconds to synchronously load lazily loaded font '../../../Engine/Content/Slate/Fonts/Roboto-BoldCondensedItalic.ttf' (160K)
[2023.03.02-14.01.31:894][342]LogSlate: Took 0.015003 seconds to synchronously load lazily loaded font '../../../Engine/Content/Slate/Fonts/DroidSansMono.ttf' (77K)
[2023.03.02-14.03.04:845][710]LogAssetEditorManager: Opening Asset editor for AnimBlueprint /Game/Characters/Hero/Animations/Hero_AnimBP.Hero_AnimBP
[2023.03.02-14.03.04:867][710]LogActorComponent: RegisterComponentWithWorld: (/Engine/Transient.World_14:PersistentLevel.AnimationEditorPreviewActor_0.DebugSkelMeshComponent_0) Already registered. Aborting.
[2023.03.02-14.03.05:226][710]LogSkeletalMesh: USkeletalMeshComponent::InitArticulated : Bodies already created (/Engine/Transient.World_14:PersistentLevel.AnimationEditorPreviewActor_0.DebugSkelMeshComponent_0) - call TermArticulated first.
[2023.03.02-14.03.40:627][682]BlueprintLog: New page: Compile Enemy_AnimBP
[2023.03.02-14.03.41:542][711]Cmd: OBJ SAVEPACKAGE PACKAGE="/Game/Characters/Enemy/Animations/Enemy_AnimBP" FILE="../../../../../../GitAr/DwarfShooter/DwarfShooter/Content/Characters/Enemy/Animations/Enemy_AnimBP.uasset" SILENT=true
[2023.03.02-14.03.41:561][711]LogSavePackage: Moving '../../../../../../GitAr/DwarfShooter/DwarfShooter/Saved/Enemy_AnimBP5B5E708E4EB3C31C7C4A228B721E40D5.tmp' to '../../../../../../GitAr/DwarfShooter/DwarfShooter/Content/Characters/Enemy/Animations/Enemy_AnimBP.uasset'
[2023.03.02-14.04.01:731][566]LogSlate: FSceneViewport::OnFocusLost() reason 0
[2023.03.02-14.17.49:397][617]LogSlate: Window 'Create New Animation Object' being destroyed
[2023.03.02-14.20.53:891][440]LogSlate: Window 'Pick Parent Class' being destroyed
[2023.03.02-14.35.26:859][678]LogEditorViewport: Clicking on Actor (LMB): DSHero_C (ThirdPersonCharacter)
[2023.03.02-14.35.30:411][837]LogEditorViewport: Clicking on Actor (LMB): StaticMeshActor (Floor)
[2023.03.02-14.35.32:026][890]LogSlate: FSceneViewport::OnFocusLost() reason 0
[2023.03.02-14.35.36:402][ 76]Cmd: DELETE
[2023.03.02-14.35.36:403][ 76]Cmd: ACTOR DELETE
[2023.03.02-14.35.36:431][ 76]LogEditorActor: Deleted Actor: DSHero_C
[2023.03.02-14.35.36:501][ 76]LogEditorActor: Deleted 1 Actors (0.081 secs)
[2023.03.02-14.35.39:312][213]LogSlate: FSceneViewport::OnFocusLost() reason 0
[2023.03.02-14.36.11:874][422]LogSlate: Window 'Pick Parent Class' being destroyed
[2023.03.02-14.36.23:305][781]LogSlate: Window 'Pick Parent Class' being destroyed
[2023.03.02-14.37.37:062][416]LogSlate: Window 'Pick Parent Class' being destroyed
[2023.03.02-14.37.39:612][522]LogAssetEditorManager: Opening Asset editor for Blueprint /Game/BP/DSHero.DSHero
[2023.03.02-14.37.40:464][523]LogSavePackage: Moving '../../../../../../GitAr/DwarfShooter/DwarfShooter/Saved/ThirdPersonExampleMap_Auto242A144584D009EAECA0364ACD6B81441.tmp' to '../../../../../../GitAr/DwarfShooter/DwarfShooter/Saved/Autosaves/Game/ThirdPersonBP/Maps/ThirdPersonExampleMap_Auto2.umap'
[2023.03.02-14.37.40:468][523]LogFileHelpers: Editor autosave (incl. sublevels) for '/Game/ThirdPersonBP/Maps/ThirdPersonExampleMap' took 0.283
[2023.03.02-14.37.40:468][523]LogFileHelpers: Editor autosave (incl. sublevels) for all levels took 0.283
[2023.03.02-14.37.40:470][523]OBJ SavePackage: Generating thumbnails for [0] asset(s) in package [/Game/BP/NewBlueprint] ([1] browsable assets)...
[2023.03.02-14.37.40:470][523]OBJ SavePackage: Finished generating thumbnails for package [/Game/BP/NewBlueprint]
[2023.03.02-14.37.40:470][523]Cmd: OBJ SAVEPACKAGE PACKAGE="/Game/BP/NewBlueprint" FILE="../../../../../../GitAr/DwarfShooter/DwarfShooter/Saved/Autosaves/Game/BP/NewBlueprint_Auto2.uasset" SILENT=false AUTOSAVING=true
[2023.03.02-14.37.40:482][523]LogSavePackage: Moving '../../../../../../GitAr/DwarfShooter/DwarfShooter/Saved/NewBlueprint_Auto2317DCC7443BD351B0E74CCBDB41CEDDF.tmp' to '../../../../../../GitAr/DwarfShooter/DwarfShooter/Saved/Autosaves/Game/BP/NewBlueprint_Auto2.uasset'
[2023.03.02-14.37.40:483][523]LogFileHelpers: Auto-saving content packages took 0.014
[2023.03.02-14.38.08:926][237]LogUnrealEdMisc: Warning: Heartbeat event firing too frequently (31.846 sec). This should never happen. Something is wrong with the timer delegate!
[2023.03.02-14.38.39:713][846]LogMetaData: Removing '/Game/BP/DSEnemy.DSEnemy:UserConstructionScript.K2Node_FunctionEntry_0' ref from Metadata '/Game/BP/NewBlueprint.PackageMetaData'
[2023.03.02-14.38.39:713][846]LogMetaData: Removing '/Game/BP/DSEnemy.SKEL_DSEnemy_C' ref from Metadata '/Game/BP/NewBlueprint.PackageMetaData'
[2023.03.02-14.38.39:713][846]LogMetaData: Removing '/Game/BP/DSEnemy.DSEnemy_C' ref from Metadata '/Game/BP/NewBlueprint.PackageMetaData'
[2023.03.02-14.38.39:713][846]LogMetaData: Removing '/Game/BP/DSEnemy.DSEnemy:EventGraph.K2Node_Event_0' ref from Metadata '/Game/BP/NewBlueprint.PackageMetaData'
[2023.03.02-14.38.39:713][846]LogMetaData: Removing '/Game/BP/DSEnemy.DSEnemy:EventGraph.K2Node_Event_1' ref from Metadata '/Game/BP/NewBlueprint.PackageMetaData'
[2023.03.02-14.38.39:713][846]LogMetaData: Removing '/Game/BP/DSEnemy.DSEnemy:EventGraph.K2Node_Event_2' ref from Metadata '/Game/BP/NewBlueprint.PackageMetaData'
[2023.03.02-14.38.39:745][846]Cmd: OBJ SAVEPACKAGE PACKAGE="/Game/BP/DSEnemy" FILE="../../../../../../GitAr/DwarfShooter/DwarfShooter/Content/BP/DSEnemy.uasset" SILENT=true
[2023.03.02-14.38.39:755][846]LogSavePackage: Moving '../../../../../../GitAr/DwarfShooter/DwarfShooter/Saved/DSEnemy1A6D48054C3069A24E3A2BACD03D858B.tmp' to '../../../../../../GitAr/DwarfShooter/DwarfShooter/Content/BP/DSEnemy.uasset'
[2023.03.02-14.38.41:907][913]LogAssetEditorManager: Opening Asset editor for Blueprint /Game/BP/DSEnemy.DSEnemy
[2023.03.02-14.38.59:749][874]LogSlate: FSceneViewport::OnFocusLost() reason 0
[2023.03.02-14.39.56:892][543]LogSlate: FSceneViewport::OnFocusLost() reason 0
[2023.03.02-14.40.04:027][942]LogSlate: FSceneViewport::OnFocusLost() reason 0
[2023.03.02-14.40.11:038][332]LogSlate: FSceneViewport::OnFocusLost() reason 0
[2023.03.02-14.40.18:203][756]LogEditorTransaction: Undo Modify Component(s)
[2023.03.02-14.40.18:215][756]LogActorComponent: RegisterComponentWithWorld: (/Engine/Transient.World_10:PersistentLevel.AnimationEditorPreviewActor_0.DebugSkelMeshComponent_0) Already registered. Aborting.
[2023.03.02-14.40.18:464][756]LogActorComponent: RegisterComponentWithWorld: (/Engine/Transient.World_14:PersistentLevel.AnimationEditorPreviewActor_0.DebugSkelMeshComponent_0) Already registered. Aborting.
[2023.03.02-14.40.21:287][901]LogSlate: FSceneViewport::OnFocusLost() reason 0
[2023.03.02-14.40.54:597][576]BlueprintLog: New page: Compile DSEnemy
[2023.03.02-14.40.55:367][598]Cmd: OBJ SAVEPACKAGE PACKAGE="/Game/BP/DSEnemy" FILE="../../../../../../GitAr/DwarfShooter/DwarfShooter/Content/BP/DSEnemy.uasset" SILENT=true
[2023.03.02-14.40.55:390][598]LogSavePackage: Moving '../../../../../../GitAr/DwarfShooter/DwarfShooter/Saved/DSEnemy0A981E05412B0974BC400BA94CF31745.tmp' to '../../../../../../GitAr/DwarfShooter/DwarfShooter/Content/BP/DSEnemy.uasset'
[2023.03.02-14.43.43:579][ 74]LogAnimationCompression: Building Anim DDC data for AnimSequence /Game/Characters/Enemy/Animations/Enemy_Idle.Enemy_Idle
[2023.03.02-14.43.43:580][ 74]LogAnimationCompression: Recompressing (AnimSequence /Game/Characters/Enemy/Animations/Enemy_Idle.Enemy_Idle) using current/default (AnimCompress_RemoveLinearKeys_0) bFirstRecompressUsingCurrentOrDefault(1) bTryAlternateCompressor(0) IsCompressedDataValid(0)
[2023.03.02-14.43.51:108][488]LogAnimationCompression: Building Anim DDC data for AnimSequence /Game/Characters/Enemy/Animations/Enemy_WalkFwd.Enemy_WalkFwd
[2023.03.02-14.43.51:109][488]LogAnimationCompression: Recompressing (AnimSequence /Game/Characters/Enemy/Animations/Enemy_WalkFwd.Enemy_WalkFwd) using current/default (AnimCompress_RemoveLinearKeys_0) bFirstRecompressUsingCurrentOrDefault(1) bTryAlternateCompressor(0) IsCompressedDataValid(0)
[2023.03.02-14.47.40:984][918]LogSavePackage: Moving '../../../../../../GitAr/DwarfShooter/DwarfShooter/Saved/ThirdPersonExampleMap_Auto3384ACB6C4BBE46060372C0BA57C1A0EA.tmp' to '../../../../../../GitAr/DwarfShooter/DwarfShooter/Saved/Autosaves/Game/ThirdPersonBP/Maps/ThirdPersonExampleMap_Auto3.umap'
[2023.03.02-14.47.40:987][918]LogFileHelpers: Editor autosave (incl. sublevels) for '/Game/ThirdPersonBP/Maps/ThirdPersonExampleMap' took 0.284
[2023.03.02-14.47.40:987][918]LogFileHelpers: Editor autosave (incl. sublevels) for all levels took 0.284
[2023.03.02-14.47.40:989][918]OBJ SavePackage: Generating thumbnails for [1] asset(s) in package [/Game/Characters/Enemy/Animations/Enemy_AnimBP] ([1] browsable assets)...
[2023.03.02-14.47.41:027][918]OBJ SavePackage:     Rendered thumbnail for [AnimBlueprint /Game/Characters/Enemy/Animations/Enemy_AnimBP.Enemy_AnimBP]
[2023.03.02-14.47.41:027][918]OBJ SavePackage: Finished generating thumbnails for package [/Game/Characters/Enemy/Animations/Enemy_AnimBP]
[2023.03.02-14.47.41:056][918]LogSavePackage: Moving '../../../../../../GitAr/DwarfShooter/DwarfShooter/Saved/Enemy_AnimBP_Auto30AE5573040FEAEF394E1C8AF4A02E491.tmp' to '../../../../../../GitAr/DwarfShooter/DwarfShooter/Saved/Autosaves/Game/Characters/Enemy/Animations/Enemy_AnimBP_Auto3.uasset'
[2023.03.02-14.47.41:057][918]LogFileHelpers: Auto-saving content packages took 0.068
[2023.03.02-15.20.54:832][472]LogFileHelpers: Editor autosave (incl. sublevels) for '/Game/ThirdPersonBP/Maps/ThirdPersonExampleMap' took 0.046
[2023.03.02-15.20.54:835][472]OBJ SavePackage: Generating thumbnails for [0] asset(s) in package [/Game/Characters/Enemy/Animations/Enemy_AnimBP] ([1] browsable assets)...
[2023.03.02-15.20.54:835][472]OBJ SavePackage: Finished generating thumbnails for package [/Game/Characters/Enemy/Animations/Enemy_AnimBP]
[2023.03.02-15.20.54:855][472]LogSavePackage: Moving '../../../../../../GitAr/DwarfShooter/DwarfShooter/Saved/Enemy_AnimBP_Auto45500221A481A2249675E94933A6C00AC.tmp' to '../../../../../../GitAr/DwarfShooter/DwarfShooter/Saved/Autosaves/Game/Characters/Enemy/Animations/Enemy_AnimBP_Auto4.uasset'
[2023.03.02-15.20.54:856][472]LogFileHelpers: Auto-saving content packages took 0.022
[2023.03.02-15.29.53:311][ 19]LogWindowsTextInputMethodSystem: Display: IME system now deactivated.
[2023.03.02-15.29.53:312][ 19]LogWindowsTextInputMethodSystem: Display: IME system now deactivated.
[2023.03.02-15.31.56:987][733]LogFileHelpers: Editor autosave (incl. sublevels) for '/Game/ThirdPersonBP/Maps/ThirdPersonExampleMap' took 0.044
[2023.03.02-15.31.56:989][733]OBJ SavePackage: Generating thumbnails for [1] asset(s) in package [/Game/Characters/Enemy/Animations/Enemy_AnimBP] ([1] browsable assets)...
[2023.03.02-15.31.57:028][733]OBJ SavePackage:     Rendered thumbnail for [AnimBlueprint /Game/Characters/Enemy/Animations/Enemy_AnimBP.Enemy_AnimBP]
[2023.03.02-15.31.57:028][733]OBJ SavePackage: Finished generating thumbnails for package [/Game/Characters/Enemy/Animations/Enemy_AnimBP]
[2023.03.02-15.31.57:065][733]LogSavePackage: Moving '../../../../../../GitAr/DwarfShooter/DwarfShooter/Saved/Enemy_AnimBP_Auto5BFDA34134DADFF05C3CA599DBBB9A1BB.tmp' to '../../../../../../GitAr/DwarfShooter/DwarfShooter/Saved/Autosaves/Game/Characters/Enemy/Animations/Enemy_AnimBP_Auto5.uasset'
[2023.03.02-15.31.57:066][733]LogFileHelpers: Auto-saving content packages took 0.078
[2023.03.02-15.32.32:125][ 34]BlueprintLog: New page: Compile Enemy_AnimBP
[2023.03.02-15.32.32:965][ 61]Cmd: OBJ SAVEPACKAGE PACKAGE="/Game/Characters/Enemy/Animations/Enemy_AnimBP" FILE="../../../../../../GitAr/DwarfShooter/DwarfShooter/Content/Characters/Enemy/Animations/Enemy_AnimBP.uasset" SILENT=true
[2023.03.02-15.32.32:993][ 61]LogSavePackage: Moving '../../../../../../GitAr/DwarfShooter/DwarfShooter/Saved/Enemy_AnimBP0F3E996F4FDFCE31EFFF4BB3880C0785.tmp' to '../../../../../../GitAr/DwarfShooter/DwarfShooter/Content/Characters/Enemy/Animations/Enemy_AnimBP.uasset'
[2023.03.02-15.35.36:088][240]LogSlate: FSceneViewport::OnFocusLost() reason 0
[2023.03.02-15.36.05:752][715]LogSlate: FSceneViewport::OnFocusLost() reason 2
[2023.03.02-15.36.05:766][715]LogSlate: Prevented a slow task dialog from being summoned while a context menu was open
[2023.03.02-15.36.11:589][872]LogWindowsTextInputMethodSystem: Display: IME system now deactivated.
[2023.03.02-15.36.11:589][872]LogWindowsTextInputMethodSystem: Display: IME system now deactivated.
[2023.03.02-15.37.20:422][983]LogSlate: FSceneViewport::OnFocusLost() reason 0
[2023.03.02-15.37.31:941][393]LogSlate: FSceneViewport::OnFocusLost() reason 0
[2023.03.02-15.37.47:181][950]LogSlate: FSceneViewport::OnFocusLost() reason 0
[2023.03.02-15.37.53:305][101]LogSlate: FSceneViewport::OnFocusLost() reason 0
[2023.03.02-15.38.29:943][706]LogSlate: FSceneViewport::OnFocusLost() reason 2
[2023.03.02-15.38.35:303][ 17]LogSlate: FSceneViewport::OnFocusLost() reason 2
[2023.03.02-15.38.40:926][122]LogSlate: FSceneViewport::OnFocusLost() reason 0
[2023.03.02-15.39.00:513][690]LogSlate: FSceneViewport::OnFocusLost() reason 0
[2023.03.02-15.39.21:634][269]LogSlate: FSceneViewport::OnFocusLost() reason 2
[2023.03.02-15.39.37:858][751]LogSlate: FSceneViewport::OnFocusLost() reason 0
[2023.03.02-15.39.43:351][826]LogSlate: FSceneViewport::OnFocusLost() reason 0
[2023.03.02-15.40.26:240][960]LogSlate: FSceneViewport::OnFocusLost() reason 0
[2023.03.02-15.42.14:758][934]LogSlate: FSceneViewport::OnFocusLost() reason 2
[2023.03.02-15.42.14:879][934]LogFileHelpers: Editor autosave (incl. sublevels) for '/Game/ThirdPersonBP/Maps/ThirdPersonExampleMap' took 0.081
[2023.03.02-15.42.14:881][934]OBJ SavePackage: Generating thumbnails for [1] asset(s) in package [/Game/BP/DSEnemy] ([1] browsable assets)...
[2023.03.02-15.42.14:923][934]OBJ SavePackage:     Rendered thumbnail for [Blueprint /Game/BP/DSEnemy.DSEnemy]
[2023.03.02-15.42.14:923][934]OBJ SavePackage: Finished generating thumbnails for package [/Game/BP/DSEnemy]
[2023.03.02-15.42.14:923][934]Cmd: OBJ SAVEPACKAGE PACKAGE="/Game/BP/DSEnemy" FILE="../../../../../../GitAr/DwarfShooter/DwarfShooter/Saved/Autosaves/Game/BP/DSEnemy_Auto6.uasset" SILENT=false AUTOSAVING=true
[2023.03.02-15.42.14:945][934]LogSavePackage: Moving '../../../../../../GitAr/DwarfShooter/DwarfShooter/Saved/DSEnemy_Auto6F2EACDE140C2578021E1F98C073D954D.tmp' to '../../../../../../GitAr/DwarfShooter/DwarfShooter/Saved/Autosaves/Game/BP/DSEnemy_Auto6.uasset'
[2023.03.02-15.42.14:946][934]LogFileHelpers: Auto-saving content packages took 0.066
[2023.03.02-16.35.52:447][625]LogSlate: FSceneViewport::OnFocusLost() reason 2
[2023.03.02-16.36.36:884][991]LogSlate: FSceneViewport::OnFocusLost() reason 2
[2023.03.02-16.39.48:340][573]LogFileHelpers: Editor autosave (incl. sublevels) for '/Game/ThirdPersonBP/Maps/ThirdPersonExampleMap' took 0.054
[2023.03.02-16.39.48:341][573]OBJ SavePackage: Generating thumbnails for [1] asset(s) in package [/Game/BP/DSEnemy] ([1] browsable assets)...
[2023.03.02-16.39.48:378][573]OBJ SavePackage:     Rendered thumbnail for [Blueprint /Game/BP/DSEnemy.DSEnemy]
[2023.03.02-16.39.48:378][573]OBJ SavePackage: Finished generating thumbnails for package [/Game/BP/DSEnemy]
[2023.03.02-16.39.48:378][573]Cmd: OBJ SAVEPACKAGE PACKAGE="/Game/BP/DSEnemy" FILE="../../../../../../GitAr/DwarfShooter/DwarfShooter/Saved/Autosaves/Game/BP/DSEnemy_Auto7.uasset" SILENT=false AUTOSAVING=true
[2023.03.02-16.39.48:401][573]LogSavePackage: Moving '../../../../../../GitAr/DwarfShooter/DwarfShooter/Saved/DSEnemy_Auto7C6B40808435AC89564ACE397C3D1BB4A.tmp' to '../../../../../../GitAr/DwarfShooter/DwarfShooter/Saved/Autosaves/Game/BP/DSEnemy_Auto7.uasset'
[2023.03.02-16.39.48:402][573]LogFileHelpers: Auto-saving content packages took 0.061
[2023.03.02-16.40.38:661][206]LogSlate: FSceneViewport::OnFocusLost() reason 2
[2023.03.02-16.40.39:686][261]BlueprintLog: New page: Compile DSEnemy
[2023.03.02-16.40.40:751][298]Cmd: OBJ SAVEPACKAGE PACKAGE="/Game/BP/DSEnemy" FILE="../../../../../../GitAr/DwarfShooter/DwarfShooter/Content/BP/DSEnemy.uasset" SILENT=true
[2023.03.02-16.40.40:778][298]LogSavePackage: Moving '../../../../../../GitAr/DwarfShooter/DwarfShooter/Saved/DSEnemy6155583040EBD7BCE4071082B69E12BA.tmp' to '../../../../../../GitAr/DwarfShooter/DwarfShooter/Content/BP/DSEnemy.uasset'
[2023.03.02-16.40.42:476][396]Cmd: OBJ SAVEPACKAGE PACKAGE="/Game/BP/DSEnemy" FILE="../../../../../../GitAr/DwarfShooter/DwarfShooter/Content/BP/DSEnemy.uasset" SILENT=true
[2023.03.02-16.40.42:490][396]LogSavePackage: Moving '../../../../../../GitAr/DwarfShooter/DwarfShooter/Saved/DSEnemy4D69AFE8424AEB6A7A974E8A9DB35F74.tmp' to '../../../../../../GitAr/DwarfShooter/DwarfShooter/Content/BP/DSEnemy.uasset'
[2023.03.02-16.42.23:329][928]BlueprintLog: New page: Compile DSEnemy
[2023.03.02-16.42.25:014][999]Cmd: OBJ SAVEPACKAGE PACKAGE="/Game/BP/DSEnemy" FILE="../../../../../../GitAr/DwarfShooter/DwarfShooter/Content/BP/DSEnemy.uasset" SILENT=true
[2023.03.02-16.42.25:036][999]LogSavePackage: Moving '../../../../../../GitAr/DwarfShooter/DwarfShooter/Saved/DSEnemyEB47E2AE4D294CE86703DC8150777B2C.tmp' to '../../../../../../GitAr/DwarfShooter/DwarfShooter/Content/BP/DSEnemy.uasset'
[2023.03.02-16.42.33:824][445]LogSavePackage: Moving '../../../../../../GitAr/DwarfShooter/DwarfShooter/Saved/ThirdPersonExampleMapE8CCAB91439D6154F5DF3AB3FA824E73.tmp' to '../../../../../../GitAr/DwarfShooter/DwarfShooter/Content/ThirdPersonBP/Maps/ThirdPersonExampleMap.umap'
[2023.03.02-16.42.34:148][445]LogSavePackage: Moving '../../../../../../GitAr/DwarfShooter/DwarfShooter/Saved/ThirdPersonExampleMap_BuiltDataFA6E1CE84463B10C8343C783327FA149.tmp' to '../../../../../../GitAr/DwarfShooter/DwarfShooter/Content/ThirdPersonBP/Maps/ThirdPersonExampleMap_BuiltData.uasset'
[2023.03.02-16.42.37:496][638]LogTemp: Repeating last play command: Selected Viewport
[2023.03.02-16.42.37:519][638]LogBlueprintUserMessages: Early PlayInEditor Detection: Level '/Game/ThirdPersonBP/Maps/ThirdPersonExampleMap.ThirdPersonExampleMap:PersistentLevel' has LevelScriptBlueprint '/Game/ThirdPersonBP/Maps/ThirdPersonExampleMap.ThirdPersonExampleMap:PersistentLevel.ThirdPersonExampleMap' with GeneratedClass '/Game/ThirdPersonBP/Maps/ThirdPersonExampleMap.ThirdPersonExampleMap_C' with ClassGeneratedBy '/Game/ThirdPersonBP/Maps/ThirdPersonExampleMap.ThirdPersonExampleMap:PersistentLevel.ThirdPersonExampleMap'
[2023.03.02-16.42.37:521][638]LogPlayLevel: PlayLevel: No blueprints needed recompiling
[2023.03.02-16.42.37:524][638]PIE: New page: PIE session: ThirdPersonExampleMap (3 марта 2023 г., 3:42:37)
[2023.03.02-16.42.37:565][638]LogPlayLevel: Creating play world package: /Game/ThirdPersonBP/Maps/UEDPIE_0_ThirdPersonExampleMap
[2023.03.02-16.42.37:599][638]LogPlayLevel: PIE: StaticDuplicateObject took: (0.033983s)
[2023.03.02-16.42.37:607][638]LogAIModule: Creating AISystem for world ThirdPersonExampleMap
[2023.03.02-16.42.37:616][638]LogPlayLevel: PIE: World Init took: (0.015968s)
[2023.03.02-16.42.37:616][638]LogPlayLevel: PIE: Created PIE world by copying editor world from /Game/ThirdPersonBP/Maps/ThirdPersonExampleMap.ThirdPersonExampleMap to /Game/ThirdPersonBP/Maps/UEDPIE_0_ThirdPersonExampleMap.ThirdPersonExampleMap (0.051221s)
[2023.03.02-16.42.37:682][638]LogInit: XAudio2 using 'Динамики (Realtek(R) Audio)' : 2 channels at 48 kHz using 16 bits per sample (channel mask 0x3)
[2023.03.02-16.42.37:701][638]LogInit: FAudioDevice initialized.
[2023.03.02-16.42.37:774][638]LogLoad: Game class is 'ThirdPersonGameMode_C'
[2023.03.02-16.42.37:784][638]LogWorld: Bringing World /Game/ThirdPersonBP/Maps/UEDPIE_0_ThirdPersonExampleMap.ThirdPersonExampleMap up for play (max tick rate 60) at 2023.03.02-21.42.37
[2023.03.02-16.42.37:787][638]LogWorld: Bringing up level for play took: 0.010550
[2023.03.02-16.42.37:874][638]LogContentBrowser: Native class hierarchy updated for 'MovieSceneCapture' in 0.0034 seconds. Added 20 classes and 0 folders.
[2023.03.02-16.42.37:881][638]PIE: Play in editor start time for /Game/ThirdPersonBP/Maps/UEDPIE_0_ThirdPersonExampleMap -0,571
[2023.03.02-16.42.37:881][638]LogBlueprintUserMessages: Late PlayInEditor Detection: Level '/Game/ThirdPersonBP/Maps/ThirdPersonExampleMap.ThirdPersonExampleMap:PersistentLevel' has LevelScriptBlueprint '/Game/ThirdPersonBP/Maps/ThirdPersonExampleMap.ThirdPersonExampleMap:PersistentLevel.ThirdPersonExampleMap' with GeneratedClass '/Game/ThirdPersonBP/Maps/ThirdPersonExampleMap.ThirdPersonExampleMap_C' with ClassGeneratedBy '/Game/ThirdPersonBP/Maps/ThirdPersonExampleMap.ThirdPersonExampleMap:PersistentLevel.ThirdPersonExampleMap'
[2023.03.02-16.43.16:257][924]LogBlueprintUserMessages: Early EndPlayMap Detection: Level '/Game/ThirdPersonBP/Maps/ThirdPersonExampleMap.ThirdPersonExampleMap:PersistentLevel' has LevelScriptBlueprint '/Game/ThirdPersonBP/Maps/ThirdPersonExampleMap.ThirdPersonExampleMap:PersistentLevel.ThirdPersonExampleMap' with GeneratedClass '/Game/ThirdPersonBP/Maps/ThirdPersonExampleMap.ThirdPersonExampleMap_C' with ClassGeneratedBy '/Game/ThirdPersonBP/Maps/ThirdPersonExampleMap.ThirdPersonExampleMap:PersistentLevel.ThirdPersonExampleMap'
[2023.03.02-16.43.16:259][924]LogSlate: Updating window title bar state: overlay mode, drag disabled, window buttons hidden, title bar hidden
[2023.03.02-16.43.16:326][924]LogPlayLevel: Display: Shutting down PIE online subsystems
[2023.03.02-16.43.16:326][924]LogBlueprintUserMessages: Late EndPlayMap Detection: Level '/Game/ThirdPersonBP/Maps/ThirdPersonExampleMap.ThirdPersonExampleMap:PersistentLevel' has LevelScriptBlueprint '/Game/ThirdPersonBP/Maps/ThirdPersonExampleMap.ThirdPersonExampleMap:PersistentLevel.ThirdPersonExampleMap' with GeneratedClass '/Game/ThirdPersonBP/Maps/ThirdPersonExampleMap.ThirdPersonExampleMap_C' with ClassGeneratedBy '/Game/ThirdPersonBP/Maps/ThirdPersonExampleMap.ThirdPersonExampleMap:PersistentLevel.ThirdPersonExampleMap'
[2023.03.02-16.43.16:372][924]LogSlate: Updating window title bar state: overlay mode, drag disabled, window buttons hidden, title bar hidden
[2023.03.02-16.43.16:449][925]LogPlayLevel: Display: Destroying online subsystem :Context_22
[2023.03.02-16.43.20:932][173]LogSlate: FSceneViewport::OnFocusLost() reason 0
